\BOOKMARK [0][-]{chapter.1}{\376\377\000H\000i\000e\000r\000a\000r\000c\000h\000i\000c\000a\000l\000\040\000I\000n\000d\000e\000x}{}% 1
\BOOKMARK [1][-]{section.1.1}{\376\377\000C\000l\000a\000s\000s\000\040\000H\000i\000e\000r\000a\000r\000c\000h\000y}{chapter.1}% 2
\BOOKMARK [0][-]{chapter.2}{\376\377\000C\000l\000a\000s\000s\000\040\000I\000n\000d\000e\000x}{}% 3
\BOOKMARK [1][-]{section.2.1}{\376\377\000C\000l\000a\000s\000s\000\040\000L\000i\000s\000t}{chapter.2}% 4
\BOOKMARK [0][-]{chapter.3}{\376\377\000F\000i\000l\000e\000\040\000I\000n\000d\000e\000x}{}% 5
\BOOKMARK [1][-]{section.3.1}{\376\377\000F\000i\000l\000e\000\040\000L\000i\000s\000t}{chapter.3}% 6
\BOOKMARK [0][-]{chapter.4}{\376\377\000C\000l\000a\000s\000s\000\040\000D\000o\000c\000u\000m\000e\000n\000t\000a\000t\000i\000o\000n}{}% 7
\BOOKMARK [1][-]{section.4.1}{\376\377\000b\000o\000u\000n\000d\000s\000\040\000S\000t\000r\000u\000c\000t\000\040\000R\000e\000f\000e\000r\000e\000n\000c\000e}{chapter.4}% 8
\BOOKMARK [2][-]{subsection.4.1.1}{\376\377\000C\000o\000n\000s\000t\000r\000u\000c\000t\000o\000r\000\040\000\046\000\040\000D\000e\000s\000t\000r\000u\000c\000t\000o\000r\000\040\000D\000o\000c\000u\000m\000e\000n\000t\000a\000t\000i\000o\000n}{section.4.1}% 9
\BOOKMARK [3][-]{subsubsection.4.1.1.1}{\376\377\000b\000o\000u\000n\000d\000s}{subsection.4.1.1}% 10
\BOOKMARK [2][-]{subsection.4.1.2}{\376\377\000M\000e\000m\000b\000e\000r\000\040\000D\000a\000t\000a\000\040\000D\000o\000c\000u\000m\000e\000n\000t\000a\000t\000i\000o\000n}{section.4.1}% 11
\BOOKMARK [3][-]{subsubsection.4.1.2.1}{\376\377\000l\000b}{subsection.4.1.2}% 12
\BOOKMARK [3][-]{subsubsection.4.1.2.2}{\376\377\000t\000y\000p\000e}{subsection.4.1.2}% 13
\BOOKMARK [3][-]{subsubsection.4.1.2.3}{\376\377\000u\000b}{subsection.4.1.2}% 14
\BOOKMARK [1][-]{section.4.2}{\376\377\000B\000P\000\137\000I\000n\000p\000u\000t\000\040\000C\000l\000a\000s\000s\000\040\000R\000e\000f\000e\000r\000e\000n\000c\000e}{chapter.4}% 15
\BOOKMARK [2][-]{subsection.4.2.1}{\376\377\000C\000o\000n\000s\000t\000r\000u\000c\000t\000o\000r\000\040\000\046\000\040\000D\000e\000s\000t\000r\000u\000c\000t\000o\000r\000\040\000D\000o\000c\000u\000m\000e\000n\000t\000a\000t\000i\000o\000n}{section.4.2}% 16
\BOOKMARK [3][-]{subsubsection.4.2.1.1}{\376\377\000B\000P\000\137\000I\000n\000p\000u\000t}{subsection.4.2.1}% 17
\BOOKMARK [3][-]{subsubsection.4.2.1.2}{\376\377\000B\000P\000\137\000I\000n\000p\000u\000t}{subsection.4.2.1}% 18
\BOOKMARK [2][-]{subsection.4.2.2}{\376\377\000M\000e\000m\000b\000e\000r\000\040\000F\000u\000n\000c\000t\000i\000o\000n\000\040\000D\000o\000c\000u\000m\000e\000n\000t\000a\000t\000i\000o\000n}{section.4.2}% 19
\BOOKMARK [3][-]{subsubsection.4.2.2.1}{\376\377\000g\000e\000t\000B\000t\000e\000r\000m\000s}{subsection.4.2.2}% 20
\BOOKMARK [3][-]{subsubsection.4.2.2.2}{\376\377\000g\000e\000t\000D\000i\000r\000e\000c\000t\000i\000o\000n}{subsection.4.2.2}% 21
\BOOKMARK [3][-]{subsubsection.4.2.2.3}{\376\377\000g\000e\000t\000M\000a\000t\000c\000o\000e\000f\000f}{subsection.4.2.2}% 22
\BOOKMARK [3][-]{subsubsection.4.2.2.4}{\376\377\000g\000e\000t\000M\000a\000t\000c\000o\000e\000f\000f\0002}{subsection.4.2.2}% 23
\BOOKMARK [3][-]{subsubsection.4.2.2.5}{\376\377\000g\000e\000t\000N\000c\000o\000n\000s}{subsection.4.2.2}% 24
\BOOKMARK [3][-]{subsubsection.4.2.2.6}{\376\377\000g\000e\000t\000N\000v\000a\000r\000s}{subsection.4.2.2}% 25
\BOOKMARK [3][-]{subsubsection.4.2.2.7}{\376\377\000g\000e\000t\000S\000c\000a\000l\000e}{subsection.4.2.2}% 26
\BOOKMARK [3][-]{subsubsection.4.2.2.8}{\376\377\000g\000e\000t\000V\000a\000r}{subsection.4.2.2}% 27
\BOOKMARK [3][-]{subsubsection.4.2.2.9}{\376\377\000g\000e\000t\000V\000a\000r\000s}{subsection.4.2.2}% 28
\BOOKMARK [3][-]{subsubsection.4.2.2.10}{\376\377\000s\000e\000t\000D\000i\000g\000i\000t\000s}{subsection.4.2.2}% 29
\BOOKMARK [2][-]{subsection.4.2.3}{\376\377\000F\000r\000i\000e\000n\000d\000s\000\040\000A\000n\000d\000\040\000R\000e\000l\000a\000t\000e\000d\000\040\000F\000u\000n\000c\000t\000i\000o\000n\000\040\000D\000o\000c\000u\000m\000e\000n\000t\000a\000t\000i\000o\000n}{section.4.2}% 30
\BOOKMARK [3][-]{subsubsection.4.2.3.1}{\376\377\000o\000p\000e\000r\000a\000t\000o\000r\000<\000<}{subsection.4.2.3}% 31
\BOOKMARK [2][-]{subsection.4.2.4}{\376\377\000M\000e\000m\000b\000e\000r\000\040\000D\000a\000t\000a\000\040\000D\000o\000c\000u\000m\000e\000n\000t\000a\000t\000i\000o\000n}{section.4.2}% 32
\BOOKMARK [3][-]{subsubsection.4.2.4.1}{\376\377\000b\000t\000e\000r\000m\000s}{subsection.4.2.4}% 33
\BOOKMARK [3][-]{subsubsection.4.2.4.2}{\376\377\000d\000i\000r\000e\000c\000t\000i\000o\000n}{subsection.4.2.4}% 34
\BOOKMARK [3][-]{subsubsection.4.2.4.3}{\376\377\000m\000a\000t\000c\000o\000e\000f\000f}{subsection.4.2.4}% 35
\BOOKMARK [3][-]{subsubsection.4.2.4.4}{\376\377\000m\000a\000t\000c\000o\000e\000f\000f\0002}{subsection.4.2.4}% 36
\BOOKMARK [3][-]{subsubsection.4.2.4.5}{\376\377\000n\000b\000i\000n\000v\000a\000r\000s}{subsection.4.2.4}% 37
\BOOKMARK [3][-]{subsubsection.4.2.4.6}{\376\377\000n\000c\000o\000n\000s}{subsection.4.2.4}% 38
\BOOKMARK [3][-]{subsubsection.4.2.4.7}{\376\377\000n\000i\000n\000t\000v\000a\000r\000s}{subsection.4.2.4}% 39
\BOOKMARK [3][-]{subsubsection.4.2.4.8}{\376\377\000n\000v\000a\000r\000s}{subsection.4.2.4}% 40
\BOOKMARK [3][-]{subsubsection.4.2.4.9}{\376\377\000s\000c\000a\000l\000e}{subsection.4.2.4}% 41
\BOOKMARK [3][-]{subsubsection.4.2.4.10}{\376\377\000v\000a\000r\000s}{subsection.4.2.4}% 42
\BOOKMARK [1][-]{section.4.3}{\376\377\000B\000P\000\137\000O\000u\000t\000p\000u\000t\000\040\000C\000l\000a\000s\000s\000\040\000R\000e\000f\000e\000r\000e\000n\000c\000e}{chapter.4}% 43
\BOOKMARK [2][-]{subsection.4.3.1}{\376\377\000C\000o\000n\000s\000t\000r\000u\000c\000t\000o\000r\000\040\000\046\000\040\000D\000e\000s\000t\000r\000u\000c\000t\000o\000r\000\040\000D\000o\000c\000u\000m\000e\000n\000t\000a\000t\000i\000o\000n}{section.4.3}% 44
\BOOKMARK [3][-]{subsubsection.4.3.1.1}{\376\377\000B\000P\000\137\000O\000u\000t\000p\000u\000t}{subsection.4.3.1}% 45
\BOOKMARK [2][-]{subsection.4.3.2}{\376\377\000M\000e\000m\000b\000e\000r\000\040\000F\000u\000n\000c\000t\000i\000o\000n\000\040\000D\000o\000c\000u\000m\000e\000n\000t\000a\000t\000i\000o\000n}{section.4.3}% 46
\BOOKMARK [3][-]{subsubsection.4.3.2.1}{\376\377\000a\000s\000s\000i\000g\000n}{subsection.4.3.2}% 47
\BOOKMARK [3][-]{subsubsection.4.3.2.2}{\376\377\000a\000s\000s\000i\000g\000n\000m\000e\000n\000t}{subsection.4.3.2}% 48
\BOOKMARK [3][-]{subsubsection.4.3.2.3}{\376\377\000o\000p\000e\000r\000a\000t\000o\000r\000=}{subsection.4.3.2}% 49
\BOOKMARK [2][-]{subsection.4.3.3}{\376\377\000F\000r\000i\000e\000n\000d\000s\000\040\000A\000n\000d\000\040\000R\000e\000l\000a\000t\000e\000d\000\040\000F\000u\000n\000c\000t\000i\000o\000n\000\040\000D\000o\000c\000u\000m\000e\000n\000t\000a\000t\000i\000o\000n}{section.4.3}% 50
\BOOKMARK [3][-]{subsubsection.4.3.3.1}{\376\377\000o\000p\000e\000r\000a\000t\000o\000r\000<\000<}{subsection.4.3.3}% 51
\BOOKMARK [3][-]{subsubsection.4.3.3.2}{\376\377\000o\000p\000e\000r\000a\000t\000o\000r\000>\000>}{subsection.4.3.3}% 52
\BOOKMARK [2][-]{subsection.4.3.4}{\376\377\000M\000e\000m\000b\000e\000r\000\040\000D\000a\000t\000a\000\040\000D\000o\000c\000u\000m\000e\000n\000t\000a\000t\000i\000o\000n}{section.4.3}% 53
\BOOKMARK [3][-]{subsubsection.4.3.4.1}{\376\377\000i\000n}{subsection.4.3.4}% 54
\BOOKMARK [3][-]{subsubsection.4.3.4.2}{\376\377\000v\000a\000r\000A\000s\000s\000i\000g\000n\000m\000e\000n\000t}{subsection.4.3.4}% 55
\BOOKMARK [1][-]{section.4.4}{\376\377\000B\000P\000S\000o\000l\000v\000e\000r\000\040\000C\000l\000a\000s\000s\000\040\000R\000e\000f\000e\000r\000e\000n\000c\000e}{chapter.4}% 56
\BOOKMARK [2][-]{subsection.4.4.1}{\376\377\000C\000o\000n\000s\000t\000r\000u\000c\000t\000o\000r\000\040\000\046\000\040\000D\000e\000s\000t\000r\000u\000c\000t\000o\000r\000\040\000D\000o\000c\000u\000m\000e\000n\000t\000a\000t\000i\000o\000n}{section.4.4}% 57
\BOOKMARK [3][-]{subsubsection.4.4.1.1}{\376\377\000B\000P\000S\000o\000l\000v\000e\000r}{subsection.4.4.1}% 58
\BOOKMARK [3][-]{subsubsection.4.4.1.2}{\376\377\000B\000P\000S\000o\000l\000v\000e\000r}{subsection.4.4.1}% 59
\BOOKMARK [2][-]{subsection.4.4.2}{\376\377\000M\000e\000m\000b\000e\000r\000\040\000F\000u\000n\000c\000t\000i\000o\000n\000\040\000D\000o\000c\000u\000m\000e\000n\000t\000a\000t\000i\000o\000n}{section.4.4}% 60
\BOOKMARK [3][-]{subsubsection.4.4.2.1}{\376\377\000p\000r\000i\000n\000t\000C\000u\000r\000r\000e\000n\000t}{subsection.4.4.2}% 61
\BOOKMARK [1][-]{section.4.5}{\376\377\000C\000l\000o\000c\000k\000\040\000C\000l\000a\000s\000s\000\040\000R\000e\000f\000e\000r\000e\000n\000c\000e}{chapter.4}% 62
\BOOKMARK [2][-]{subsection.4.5.1}{\376\377\000M\000e\000m\000b\000e\000r\000\040\000D\000a\000t\000a\000\040\000D\000o\000c\000u\000m\000e\000n\000t\000a\000t\000i\000o\000n}{section.4.5}% 63
\BOOKMARK [3][-]{subsubsection.4.5.1.1}{\376\377\000g\000l\000o\000b\000a\000l\000C\000l\000o\000c\000k}{subsection.4.5.1}% 64
\BOOKMARK [1][-]{section.4.6}{\376\377\000C\000o\000n\000s\000t\000r\000a\000i\000n\000t\000\040\000C\000l\000a\000s\000s\000\040\000R\000e\000f\000e\000r\000e\000n\000c\000e}{chapter.4}% 65
\BOOKMARK [2][-]{subsection.4.6.1}{\376\377\000C\000o\000n\000s\000t\000r\000u\000c\000t\000o\000r\000\040\000\046\000\040\000D\000e\000s\000t\000r\000u\000c\000t\000o\000r\000\040\000D\000o\000c\000u\000m\000e\000n\000t\000a\000t\000i\000o\000n}{section.4.6}% 66
\BOOKMARK [3][-]{subsubsection.4.6.1.1}{\376\377\000C\000o\000n\000s\000t\000r\000a\000i\000n\000t}{subsection.4.6.1}% 67
\BOOKMARK [3][-]{subsubsection.4.6.1.2}{\376\377\000C\000o\000n\000s\000t\000r\000a\000i\000n\000t}{subsection.4.6.1}% 68
\BOOKMARK [2][-]{subsection.4.6.2}{\376\377\000M\000e\000m\000b\000e\000r\000\040\000F\000u\000n\000c\000t\000i\000o\000n\000\040\000D\000o\000c\000u\000m\000e\000n\000t\000a\000t\000i\000o\000n}{section.4.6}% 69
\BOOKMARK [3][-]{subsubsection.4.6.2.1}{\376\377\000g\000e\000t\000A\000r\000g\000u\000m\000e\000n\000t}{subsection.4.6.2}% 70
\BOOKMARK [3][-]{subsubsection.4.6.2.2}{\376\377\000g\000e\000t\000C\000o\000e\000f\000f\000i\000c\000i\000e\000n\000t\000s}{subsection.4.6.2}% 71
\BOOKMARK [3][-]{subsubsection.4.6.2.3}{\376\377\000g\000e\000t\000D\000e\000l\000t\000a\000V\000i\000o\000l\000a\000t\000i\000o\000n}{subsection.4.6.2}% 72
\BOOKMARK [3][-]{subsubsection.4.6.2.4}{\376\377\000g\000e\000t\000D\000e\000l\000t\000a\000V\000i\000o\000l\000a\000t\000i\000o\000n\000D\000e\000g\000r\000e\000e}{subsection.4.6.2}% 73
\BOOKMARK [3][-]{subsubsection.4.6.2.5}{\376\377\000g\000e\000t\000I\000n\000v\000a\000r\000i\000a\000n\000t}{subsection.4.6.2}% 74
\BOOKMARK [3][-]{subsubsection.4.6.2.6}{\376\377\000g\000e\000t\000N\000u\000m\000b\000e\000r\000O\000f\000I\000n\000t\000e\000g\000e\000r\000V\000a\000r\000i\000a\000b\000l\000e\000s}{subsection.4.6.2}% 75
\BOOKMARK [3][-]{subsubsection.4.6.2.7}{\376\377\000g\000e\000t\000S\000c\000o\000p\000e\000S\000i\000z\000e}{subsection.4.6.2}% 76
\BOOKMARK [3][-]{subsubsection.4.6.2.8}{\376\377\000g\000e\000t\000T\000y\000p\000e}{subsection.4.6.2}% 77
\BOOKMARK [3][-]{subsubsection.4.6.2.9}{\376\377\000g\000e\000t\000V\000a\000r\000i\000a\000b\000l\000e\000s}{subsection.4.6.2}% 78
\BOOKMARK [3][-]{subsubsection.4.6.2.10}{\376\377\000g\000e\000t\000V\000i\000o\000l\000a\000t\000i\000o\000n}{subsection.4.6.2}% 79
\BOOKMARK [3][-]{subsubsection.4.6.2.11}{\376\377\000g\000e\000t\000V\000i\000o\000l\000a\000t\000i\000o\000n\000D\000e\000g\000r\000e\000e}{subsection.4.6.2}% 80
\BOOKMARK [3][-]{subsubsection.4.6.2.12}{\376\377\000i\000s\000O\000n\000e\000w\000a\000y}{subsection.4.6.2}% 81
\BOOKMARK [3][-]{subsubsection.4.6.2.13}{\376\377\000i\000s\000O\000n\000e\000w\000a\000y}{subsection.4.6.2}% 82
\BOOKMARK [3][-]{subsubsection.4.6.2.14}{\376\377\000o\000p\000e\000r\000a\000t\000o\000r\000<}{subsection.4.6.2}% 83
\BOOKMARK [3][-]{subsubsection.4.6.2.15}{\376\377\000o\000p\000e\000r\000a\000t\000o\000r\000>}{subsection.4.6.2}% 84
\BOOKMARK [3][-]{subsubsection.4.6.2.16}{\376\377\000s\000e\000t\000D\000e\000l\000t\000a\000V\000i\000o\000l\000a\000t\000i\000o\000n}{subsection.4.6.2}% 85
\BOOKMARK [3][-]{subsubsection.4.6.2.17}{\376\377\000s\000e\000t\000D\000e\000l\000t\000a\000V\000i\000o\000l\000a\000t\000i\000o\000n\000D\000e\000g\000r\000e\000e}{subsection.4.6.2}% 86
\BOOKMARK [3][-]{subsubsection.4.6.2.18}{\376\377\000s\000e\000t\000I\000n\000v\000a\000r\000i\000a\000n\000t}{subsection.4.6.2}% 87
\BOOKMARK [3][-]{subsubsection.4.6.2.19}{\376\377\000s\000e\000t\000N\000u\000m\000b\000e\000r\000O\000f\000I\000n\000t\000e\000g\000e\000r\000V\000a\000r\000i\000a\000b\000l\000e\000s}{subsection.4.6.2}% 88
\BOOKMARK [3][-]{subsubsection.4.6.2.20}{\376\377\000t\000e\000s\000t\000C\000o\000n\000s}{subsection.4.6.2}% 89
\BOOKMARK [3][-]{subsubsection.4.6.2.21}{\376\377\000t\000e\000s\000t\000O\000b\000j}{subsection.4.6.2}% 90
\BOOKMARK [3][-]{subsubsection.4.6.2.22}{\376\377\000u\000p\000d\000a\000t\000e\000V\000i\000o\000l\000a\000t\000i\000o\000n}{subsection.4.6.2}% 91
\BOOKMARK [3][-]{subsubsection.4.6.2.23}{\376\377\000u\000p\000d\000a\000t\000e\000V\000i\000o\000l\000a\000t\000i\000o\000n\000D\000e\000g\000r\000e\000e}{subsection.4.6.2}% 92
\BOOKMARK [2][-]{subsection.4.6.3}{\376\377\000M\000e\000m\000b\000e\000r\000\040\000D\000a\000t\000a\000\040\000D\000o\000c\000u\000m\000e\000n\000t\000a\000t\000i\000o\000n}{section.4.6}% 93
\BOOKMARK [3][-]{subsubsection.4.6.3.1}{\376\377\000a\000r\000g\000u\000m\000e\000n\000t\000s}{subsection.4.6.3}% 94
\BOOKMARK [3][-]{subsubsection.4.6.3.2}{\376\377\000c\000o\000e\000f\000f\000i\000c\000i\000e\000n\000t\000s}{subsection.4.6.3}% 95
\BOOKMARK [3][-]{subsubsection.4.6.3.3}{\376\377\000D\000e\000l\000t\000a\000V\000i\000o\000l\000a\000t\000i\000o\000n}{subsection.4.6.3}% 96
\BOOKMARK [3][-]{subsubsection.4.6.3.4}{\376\377\000D\000e\000l\000t\000a\000V\000i\000o\000l\000a\000t\000i\000o\000n\000D\000e\000g\000r\000e\000e}{subsection.4.6.3}% 97
\BOOKMARK [3][-]{subsubsection.4.6.3.5}{\376\377\000i\000n\000v\000a\000r\000i\000a\000n\000t}{subsection.4.6.3}% 98
\BOOKMARK [3][-]{subsubsection.4.6.3.6}{\376\377\000n\000u\000m\000b\000e\000r\000O\000f\000I\000n\000t\000e\000g\000e\000r\000V\000a\000r\000i\000a\000b\000l\000e\000s}{subsection.4.6.3}% 99
\BOOKMARK [3][-]{subsubsection.4.6.3.7}{\376\377\000o\000n\000e\000w\000a\000y}{subsection.4.6.3}% 100
\BOOKMARK [3][-]{subsubsection.4.6.3.8}{\376\377\000p\000r\000i\000o\000r\000i\000t\000y}{subsection.4.6.3}% 101
\BOOKMARK [3][-]{subsubsection.4.6.3.9}{\376\377\000s\000c\000o\000p\000e\000S\000i\000z\000e}{subsection.4.6.3}% 102
\BOOKMARK [3][-]{subsubsection.4.6.3.10}{\376\377\000t\000y\000p\000e}{subsection.4.6.3}% 103
\BOOKMARK [3][-]{subsubsection.4.6.3.11}{\376\377\000v\000a\000r\000i\000a\000b\000l\000e\000s}{subsection.4.6.3}% 104
\BOOKMARK [3][-]{subsubsection.4.6.3.12}{\376\377\000V\000i\000o\000l\000a\000t\000i\000o\000n}{subsection.4.6.3}% 105
\BOOKMARK [3][-]{subsubsection.4.6.3.13}{\376\377\000V\000i\000o\000l\000a\000t\000i\000o\000n\000D\000e\000g\000r\000e\000e}{subsection.4.6.3}% 106
\BOOKMARK [1][-]{section.4.7}{\376\377\000C\000o\000n\000s\000t\000r\000a\000i\000n\000t\000S\000o\000r\000t\000e\000r\000\040\000C\000l\000a\000s\000s\000\040\000R\000e\000f\000e\000r\000e\000n\000c\000e}{chapter.4}% 107
\BOOKMARK [2][-]{subsection.4.7.1}{\376\377\000C\000o\000n\000s\000t\000r\000u\000c\000t\000o\000r\000\040\000\046\000\040\000D\000e\000s\000t\000r\000u\000c\000t\000o\000r\000\040\000D\000o\000c\000u\000m\000e\000n\000t\000a\000t\000i\000o\000n}{section.4.7}% 108
\BOOKMARK [3][-]{subsubsection.4.7.1.1}{\376\377\000C\000o\000n\000s\000t\000r\000a\000i\000n\000t\000S\000o\000r\000t\000e\000r}{subsection.4.7.1}% 109
\BOOKMARK [2][-]{subsection.4.7.2}{\376\377\000M\000e\000m\000b\000e\000r\000\040\000F\000u\000n\000c\000t\000i\000o\000n\000\040\000D\000o\000c\000u\000m\000e\000n\000t\000a\000t\000i\000o\000n}{section.4.7}% 110
\BOOKMARK [3][-]{subsubsection.4.7.2.1}{\376\377\000o\000p\000e\000r\000a\000t\000o\000r\000\050\000\051}{subsection.4.7.2}% 111
\BOOKMARK [1][-]{section.4.8}{\376\377\000e\000l\000e\000m\000\040\000S\000t\000r\000u\000c\000t\000\040\000R\000e\000f\000e\000r\000e\000n\000c\000e}{chapter.4}% 112
\BOOKMARK [2][-]{subsection.4.8.1}{\376\377\000C\000o\000n\000s\000t\000r\000u\000c\000t\000o\000r\000\040\000\046\000\040\000D\000e\000s\000t\000r\000u\000c\000t\000o\000r\000\040\000D\000o\000c\000u\000m\000e\000n\000t\000a\000t\000i\000o\000n}{section.4.8}% 113
\BOOKMARK [3][-]{subsubsection.4.8.1.1}{\376\377\000e\000l\000e\000m}{subsection.4.8.1}% 114
\BOOKMARK [2][-]{subsection.4.8.2}{\376\377\000M\000e\000m\000b\000e\000r\000\040\000D\000a\000t\000a\000\040\000D\000o\000c\000u\000m\000e\000n\000t\000a\000t\000i\000o\000n}{section.4.8}% 115
\BOOKMARK [3][-]{subsubsection.4.8.2.1}{\376\377\000c\000o\000e\000f\000f}{subsection.4.8.2}% 116
\BOOKMARK [3][-]{subsubsection.4.8.2.2}{\376\377\000i\000n\000d\000e\000x}{subsection.4.8.2}% 117
\BOOKMARK [1][-]{section.4.9}{\376\377\000F\000l\000i\000p\000M\000o\000v\000e\000\040\000C\000l\000a\000s\000s\000\040\000R\000e\000f\000e\000r\000e\000n\000c\000e}{chapter.4}% 118
\BOOKMARK [2][-]{subsection.4.9.1}{\376\377\000C\000o\000n\000s\000t\000r\000u\000c\000t\000o\000r\000\040\000\046\000\040\000D\000e\000s\000t\000r\000u\000c\000t\000o\000r\000\040\000D\000o\000c\000u\000m\000e\000n\000t\000a\000t\000i\000o\000n}{section.4.9}% 119
\BOOKMARK [3][-]{subsubsection.4.9.1.1}{\376\377\000F\000l\000i\000p\000M\000o\000v\000e}{subsection.4.9.1}% 120
\BOOKMARK [3][-]{subsubsection.4.9.1.2}{\376\377\000F\000l\000i\000p\000M\000o\000v\000e}{subsection.4.9.1}% 121
\BOOKMARK [3][-]{subsubsection.4.9.1.3}{\376\377\000F\000l\000i\000p\000M\000o\000v\000e}{subsection.4.9.1}% 122
\BOOKMARK [2][-]{subsection.4.9.2}{\376\377\000M\000e\000m\000b\000e\000r\000\040\000F\000u\000n\000c\000t\000i\000o\000n\000\040\000D\000o\000c\000u\000m\000e\000n\000t\000a\000t\000i\000o\000n}{section.4.9}% 123
\BOOKMARK [3][-]{subsubsection.4.9.2.1}{\376\377\000o\000p\000e\000r\000a\000t\000o\000r\000=}{subsection.4.9.2}% 124
\BOOKMARK [1][-]{section.4.10}{\376\377\000G\000e\000c\000o\000d\000e\000S\000o\000l\000v\000e\000r\000\040\000C\000l\000a\000s\000s\000\040\000R\000e\000f\000e\000r\000e\000n\000c\000e}{chapter.4}% 125
\BOOKMARK [2][-]{subsection.4.10.1}{\376\377\000C\000o\000n\000s\000t\000r\000u\000c\000t\000o\000r\000\040\000\046\000\040\000D\000e\000s\000t\000r\000u\000c\000t\000o\000r\000\040\000D\000o\000c\000u\000m\000e\000n\000t\000a\000t\000i\000o\000n}{section.4.10}% 126
\BOOKMARK [3][-]{subsubsection.4.10.1.1}{\376\377\000G\000e\000c\000o\000d\000e\000S\000o\000l\000v\000e\000r}{subsection.4.10.1}% 127
\BOOKMARK [3][-]{subsubsection.4.10.1.2}{\376\377\000G\000e\000c\000o\000d\000e\000S\000o\000l\000v\000e\000r}{subsection.4.10.1}% 128
\BOOKMARK [3][-]{subsubsection.4.10.1.3}{\376\377\000G\000e\000c\000o\000d\000e\000S\000o\000l\000v\000e\000r}{subsection.4.10.1}% 129
\BOOKMARK [2][-]{subsection.4.10.2}{\376\377\000M\000e\000m\000b\000e\000r\000\040\000F\000u\000n\000c\000t\000i\000o\000n\000\040\000D\000o\000c\000u\000m\000e\000n\000t\000a\000t\000i\000o\000n}{section.4.10}% 130
\BOOKMARK [3][-]{subsubsection.4.10.2.1}{\376\377\000b\000r\000a\000n\000c\000h}{subsection.4.10.2}% 131
\BOOKMARK [3][-]{subsubsection.4.10.2.2}{\376\377\000c\000o\000p\000y}{subsection.4.10.2}% 132
\BOOKMARK [3][-]{subsubsection.4.10.2.3}{\376\377\000c\000r\000e\000a\000t\000e\000A\000r\000r\000a\000y}{subsection.4.10.2}% 133
\BOOKMARK [3][-]{subsubsection.4.10.2.4}{\376\377\000c\000r\000e\000a\000t\000e\000G\000e\000c\000o\000d\000e\000V\000a\000r\000i\000a\000b\000l\000e}{subsection.4.10.2}% 134
\BOOKMARK [3][-]{subsubsection.4.10.2.5}{\376\377\000F\000i\000n\000d\000S\000o\000l\000u\000t\000i\000o\000n}{subsection.4.10.2}% 135
\BOOKMARK [3][-]{subsubsection.4.10.2.6}{\376\377\000f\000i\000x\000V\000a\000r\000i\000a\000b\000l\000e\000s}{subsection.4.10.2}% 136
\BOOKMARK [3][-]{subsubsection.4.10.2.7}{\376\377\000i\000n\000i\000t\000i\000a\000l\000i\000z\000e}{subsection.4.10.2}% 137
\BOOKMARK [3][-]{subsubsection.4.10.2.8}{\376\377\000l\000i\000n\000e\000a\000r}{subsection.4.10.2}% 138
\BOOKMARK [3][-]{subsubsection.4.10.2.9}{\376\377\000p\000o\000s\000t\000C\000o\000v\000S\000o\000l}{subsection.4.10.2}% 139
\BOOKMARK [3][-]{subsubsection.4.10.2.10}{\376\377\000p\000r\000i\000n\000t}{subsection.4.10.2}% 140
\BOOKMARK [3][-]{subsubsection.4.10.2.11}{\376\377\000p\000r\000i\000n\000t\000\137\000s\000t\000a\000t\000s}{subsection.4.10.2}% 141
\BOOKMARK [3][-]{subsubsection.4.10.2.12}{\376\377\000p\000r\000i\000n\000t\000S\000p\000a\000c\000e\000S\000t\000a\000t\000u\000s}{subsection.4.10.2}% 142
\BOOKMARK [3][-]{subsubsection.4.10.2.13}{\376\377\000S\000e\000t\000V\000a\000l\000u\000e\000s}{subsection.4.10.2}% 143
\BOOKMARK [2][-]{subsection.4.10.3}{\376\377\000M\000e\000m\000b\000e\000r\000\040\000D\000a\000t\000a\000\040\000D\000o\000c\000u\000m\000e\000n\000t\000a\000t\000i\000o\000n}{section.4.10}% 144
\BOOKMARK [3][-]{subsubsection.4.10.3.1}{\376\377\000b\000i\000n\000V\000a\000r\000s}{subsection.4.10.3}% 145
\BOOKMARK [3][-]{subsubsection.4.10.3.2}{\376\377\000I\000n\000t\000V\000a\000r\000s}{subsection.4.10.3}% 146
\BOOKMARK [3][-]{subsubsection.4.10.3.3}{\376\377\000m\000o\000d\000e\000l}{subsection.4.10.3}% 147
\BOOKMARK [3][-]{subsubsection.4.10.3.4}{\376\377\000t\000m\000p\000V\000a\000r\000s}{subsection.4.10.3}% 148
\BOOKMARK [1][-]{section.4.11}{\376\377\000G\000e\000n\000e\000r\000a\000l\000S\000o\000l\000v\000e\000r\000\040\000C\000l\000a\000s\000s\000\040\000R\000e\000f\000e\000r\000e\000n\000c\000e}{chapter.4}% 149
\BOOKMARK [2][-]{subsection.4.11.1}{\376\377\000C\000o\000n\000s\000t\000r\000u\000c\000t\000o\000r\000\040\000\046\000\040\000D\000e\000s\000t\000r\000u\000c\000t\000o\000r\000\040\000D\000o\000c\000u\000m\000e\000n\000t\000a\000t\000i\000o\000n}{section.4.11}% 150
\BOOKMARK [3][-]{subsubsection.4.11.1.1}{\376\377\000G\000e\000n\000e\000r\000a\000l\000S\000o\000l\000v\000e\000r}{subsection.4.11.1}% 151
\BOOKMARK [3][-]{subsubsection.4.11.1.2}{\376\377\000G\000e\000n\000e\000r\000a\000l\000S\000o\000l\000v\000e\000r}{subsection.4.11.1}% 152
\BOOKMARK [2][-]{subsection.4.11.2}{\376\377\000M\000e\000m\000b\000e\000r\000\040\000F\000u\000n\000c\000t\000i\000o\000n\000\040\000D\000o\000c\000u\000m\000e\000n\000t\000a\000t\000i\000o\000n}{section.4.11}% 153
\BOOKMARK [3][-]{subsubsection.4.11.2.1}{\376\377\000c\000a\000n\000B\000e\000M\000a\000d\000e\000O\000n\000e\000w\000a\000y}{subsection.4.11.2}% 154
\BOOKMARK [3][-]{subsubsection.4.11.2.2}{\376\377\000c\000r\000e\000a\000t\000e\000I\000n\000t\000V\000a\000r}{subsection.4.11.2}% 155
\BOOKMARK [3][-]{subsubsection.4.11.2.3}{\376\377\000c\000r\000e\000a\000t\000e\000I\000n\000t\000V\000a\000r\000s}{subsection.4.11.2}% 156
\BOOKMARK [3][-]{subsubsection.4.11.2.4}{\376\377\000g\000e\000t\000A\000l\000l\000V\000a\000r\000i\000a\000b\000l\000e\000s}{subsection.4.11.2}% 157
\BOOKMARK [3][-]{subsubsection.4.11.2.5}{\376\377\000g\000e\000t\000I\000n\000i\000t\000i\000a\000l\000V\000a\000l\000u\000e}{subsection.4.11.2}% 158
\BOOKMARK [3][-]{subsubsection.4.11.2.6}{\376\377\000i\000n\000i\000t\000i\000a\000l\000i\000z\000e\000L\000S}{subsection.4.11.2}% 159
\BOOKMARK [3][-]{subsubsection.4.11.2.7}{\376\377\000I\000n\000i\000t\000i\000a\000l\000S\000o\000l\000u\000t\000i\000o\000n}{subsection.4.11.2}% 160
\BOOKMARK [3][-]{subsubsection.4.11.2.8}{\376\377\000l\000i\000n\000e\000a\000r}{subsection.4.11.2}% 161
\BOOKMARK [3][-]{subsubsection.4.11.2.9}{\376\377\000m\000a\000k\000e\000O\000n\000e\000w\000a\000y}{subsection.4.11.2}% 162
\BOOKMARK [3][-]{subsubsection.4.11.2.10}{\376\377\000o\000p\000e\000r\000a\000t\000o\000r\000=}{subsection.4.11.2}% 163
\BOOKMARK [3][-]{subsubsection.4.11.2.11}{\376\377\000o\000p\000t\000i\000m\000i\000z\000e\000S\000o\000l\000u\000t\000i\000o\000n}{subsection.4.11.2}% 164
\BOOKMARK [3][-]{subsubsection.4.11.2.12}{\376\377\000p\000r\000i\000n\000t}{subsection.4.11.2}% 165
\BOOKMARK [3][-]{subsubsection.4.11.2.13}{\376\377\000p\000r\000i\000n\000t\000\137\000s\000t\000a\000t\000s}{subsection.4.11.2}% 166
\BOOKMARK [3][-]{subsubsection.4.11.2.14}{\376\377\000p\000r\000i\000n\000t\000C\000u\000r\000r\000e\000n\000t}{subsection.4.11.2}% 167
\BOOKMARK [3][-]{subsubsection.4.11.2.15}{\376\377\000r\000e\000l\000a\000x}{subsection.4.11.2}% 168
\BOOKMARK [3][-]{subsubsection.4.11.2.16}{\376\377\000s\000i\000m\000p\000l\000e\000R\000e\000l\000a\000x}{subsection.4.11.2}% 169
\BOOKMARK [2][-]{subsection.4.11.3}{\376\377\000F\000r\000i\000e\000n\000d\000s\000\040\000A\000n\000d\000\040\000R\000e\000l\000a\000t\000e\000d\000\040\000F\000u\000n\000c\000t\000i\000o\000n\000\040\000D\000o\000c\000u\000m\000e\000n\000t\000a\000t\000i\000o\000n}{section.4.11}% 170
\BOOKMARK [3][-]{subsubsection.4.11.3.1}{\376\377\000T\000e\000s\000t}{subsection.4.11.3}% 171
\BOOKMARK [2][-]{subsection.4.11.4}{\376\377\000M\000e\000m\000b\000e\000r\000\040\000D\000a\000t\000a\000\040\000D\000o\000c\000u\000m\000e\000n\000t\000a\000t\000i\000o\000n}{section.4.11}% 172
\BOOKMARK [3][-]{subsubsection.4.11.4.1}{\376\377\000G\000S}{subsection.4.11.4}% 173
\BOOKMARK [3][-]{subsubsection.4.11.4.2}{\376\377\000L\000S}{subsection.4.11.4}% 174
\BOOKMARK [3][-]{subsubsection.4.11.4.3}{\376\377\000m\000o\000d\000e\000l}{subsection.4.11.4}% 175
\BOOKMARK [3][-]{subsubsection.4.11.4.4}{\376\377\000s\000t}{subsection.4.11.4}% 176
\BOOKMARK [1][-]{section.4.12}{\376\377\000I\000n\000t\000e\000g\000e\000r\000V\000a\000r\000i\000a\000b\000l\000e\000\040\000C\000l\000a\000s\000s\000\040\000R\000e\000f\000e\000r\000e\000n\000c\000e}{chapter.4}% 177
\BOOKMARK [2][-]{subsection.4.12.1}{\376\377\000C\000o\000n\000s\000t\000r\000u\000c\000t\000o\000r\000\040\000\046\000\040\000D\000e\000s\000t\000r\000u\000c\000t\000o\000r\000\040\000D\000o\000c\000u\000m\000e\000n\000t\000a\000t\000i\000o\000n}{section.4.12}% 178
\BOOKMARK [3][-]{subsubsection.4.12.1.1}{\376\377\000I\000n\000t\000e\000g\000e\000r\000V\000a\000r\000i\000a\000b\000l\000e}{subsection.4.12.1}% 179
\BOOKMARK [3][-]{subsubsection.4.12.1.2}{\376\377\000I\000n\000t\000e\000g\000e\000r\000V\000a\000r\000i\000a\000b\000l\000e}{subsection.4.12.1}% 180
\BOOKMARK [2][-]{subsection.4.12.2}{\376\377\000M\000e\000m\000b\000e\000r\000\040\000F\000u\000n\000c\000t\000i\000o\000n\000\040\000D\000o\000c\000u\000m\000e\000n\000t\000a\000t\000i\000o\000n}{section.4.12}% 181
\BOOKMARK [3][-]{subsubsection.4.12.2.1}{\376\377\000a\000d\000d\000T\000o\000U\000p\000d\000a\000t\000e}{subsection.4.12.2}% 182
\BOOKMARK [3][-]{subsubsection.4.12.2.2}{\376\377\000a\000d\000d\000T\000o\000U\000s\000e\000d\000I\000n\000C\000o\000n\000s\000t\000r\000a\000i\000n\000t\000s}{subsection.4.12.2}% 183
\BOOKMARK [3][-]{subsubsection.4.12.2.3}{\376\377\000c\000l\000e\000a\000r\000U\000p\000d\000a\000t\000e\000V\000e\000c\000t\000o\000r}{subsection.4.12.2}% 184
\BOOKMARK [3][-]{subsubsection.4.12.2.4}{\376\377\000g\000e\000t\000C\000u\000r\000r\000e\000n\000t\000V\000a\000l\000u\000e}{subsection.4.12.2}% 185
\BOOKMARK [3][-]{subsubsection.4.12.2.5}{\376\377\000g\000e\000t\000I\000D}{subsection.4.12.2}% 186
\BOOKMARK [3][-]{subsubsection.4.12.2.6}{\376\377\000g\000e\000t\000L\000o\000w\000e\000r\000B\000o\000u\000n\000d}{subsection.4.12.2}% 187
\BOOKMARK [3][-]{subsubsection.4.12.2.7}{\376\377\000g\000e\000t\000O\000n\000e\000w\000a\000y}{subsection.4.12.2}% 188
\BOOKMARK [3][-]{subsubsection.4.12.2.8}{\376\377\000g\000e\000t\000U\000p\000d\000a\000t\000e\000V\000e\000c\000t\000o\000r}{subsection.4.12.2}% 189
\BOOKMARK [3][-]{subsubsection.4.12.2.9}{\376\377\000g\000e\000t\000U\000p\000p\000e\000r\000B\000o\000u\000n\000d}{subsection.4.12.2}% 190
\BOOKMARK [3][-]{subsubsection.4.12.2.10}{\376\377\000g\000e\000t\000V\000a\000r\000i\000a\000b\000l\000e\000P\000o\000i\000n\000t\000e\000r}{subsection.4.12.2}% 191
\BOOKMARK [3][-]{subsubsection.4.12.2.11}{\376\377\000i\000s\000I\000n\000t\000e\000g\000e\000r\000V\000a\000r\000i\000a\000b\000l\000e}{subsection.4.12.2}% 192
\BOOKMARK [3][-]{subsubsection.4.12.2.12}{\376\377\000s\000e\000t\000C\000u\000r\000r\000e\000n\000t\000V\000a\000l\000u\000e}{subsection.4.12.2}% 193
\BOOKMARK [3][-]{subsubsection.4.12.2.13}{\376\377\000s\000e\000t\000D\000e\000f\000i\000n\000e\000d\000B\000y}{subsection.4.12.2}% 194
\BOOKMARK [3][-]{subsubsection.4.12.2.14}{\376\377\000s\000e\000t\000V\000a\000r\000i\000a\000b\000l\000e\000P\000o\000i\000n\000t\000e\000r}{subsection.4.12.2}% 195
\BOOKMARK [3][-]{subsubsection.4.12.2.15}{\376\377\000u\000s\000e\000d\000I\000n\000C\000o\000n\000s\000t\000r\000a\000i\000n\000t\000s}{subsection.4.12.2}% 196
\BOOKMARK [2][-]{subsection.4.12.3}{\376\377\000F\000r\000i\000e\000n\000d\000s\000\040\000A\000n\000d\000\040\000R\000e\000l\000a\000t\000e\000d\000\040\000F\000u\000n\000c\000t\000i\000o\000n\000\040\000D\000o\000c\000u\000m\000e\000n\000t\000a\000t\000i\000o\000n}{section.4.12}% 197
\BOOKMARK [3][-]{subsubsection.4.12.3.1}{\376\377\000G\000e\000n\000e\000r\000a\000l\000S\000o\000l\000v\000e\000r}{subsection.4.12.3}% 198
\BOOKMARK [2][-]{subsection.4.12.4}{\376\377\000M\000e\000m\000b\000e\000r\000\040\000D\000a\000t\000a\000\040\000D\000o\000c\000u\000m\000e\000n\000t\000a\000t\000i\000o\000n}{section.4.12}% 199
\BOOKMARK [3][-]{subsubsection.4.12.4.1}{\376\377\000A\000r\000r\000a\000y\000P\000o\000i\000n\000t\000e\000r}{subsection.4.12.4}% 200
\BOOKMARK [3][-]{subsubsection.4.12.4.2}{\376\377\000c\000o\000n\000s\000t\000r\000a\000i\000n\000t\000s}{subsection.4.12.4}% 201
\BOOKMARK [3][-]{subsubsection.4.12.4.3}{\376\377\000d\000e\000f\000i\000n\000e\000d\000B\000y\000C\000o\000n\000s}{subsection.4.12.4}% 202
\BOOKMARK [3][-]{subsubsection.4.12.4.4}{\376\377\000i\000s\000D\000e\000f\000i\000n\000e\000d}{subsection.4.12.4}% 203
\BOOKMARK [3][-]{subsubsection.4.12.4.5}{\376\377\000i\000s\000I\000n\000t\000e\000g\000e\000r}{subsection.4.12.4}% 204
\BOOKMARK [3][-]{subsubsection.4.12.4.6}{\376\377\000l\000o\000w\000e\000r\000B\000o\000u\000n\000d}{subsection.4.12.4}% 205
\BOOKMARK [3][-]{subsubsection.4.12.4.7}{\376\377\000o\000n\000e\000w\000a\000y}{subsection.4.12.4}% 206
\BOOKMARK [3][-]{subsubsection.4.12.4.8}{\376\377\000u\000p\000d\000a\000t\000e}{subsection.4.12.4}% 207
\BOOKMARK [3][-]{subsubsection.4.12.4.9}{\376\377\000u\000p\000p\000e\000r\000B\000o\000u\000n\000d}{subsection.4.12.4}% 208
\BOOKMARK [3][-]{subsubsection.4.12.4.10}{\376\377\000u\000s\000e\000d\000I\000n}{subsection.4.12.4}% 209
\BOOKMARK [3][-]{subsubsection.4.12.4.11}{\376\377\000v\000a\000l\000u\000e}{subsection.4.12.4}% 210
\BOOKMARK [3][-]{subsubsection.4.12.4.12}{\376\377\000V\000a\000r\000i\000a\000b\000l\000e\000P\000o\000i\000n\000t\000e\000r}{subsection.4.12.4}% 211
\BOOKMARK [3][-]{subsubsection.4.12.4.13}{\376\377\000v\000e\000c\000t\000o\000r\000I\000D}{subsection.4.12.4}% 212
\BOOKMARK [1][-]{section.4.13}{\376\377\000I\000n\000v\000a\000r\000i\000a\000n\000t\000\040\000C\000l\000a\000s\000s\000\040\000R\000e\000f\000e\000r\000e\000n\000c\000e}{chapter.4}% 213
\BOOKMARK [2][-]{subsection.4.13.1}{\376\377\000C\000o\000n\000s\000t\000r\000u\000c\000t\000o\000r\000\040\000\046\000\040\000D\000e\000s\000t\000r\000u\000c\000t\000o\000r\000\040\000D\000o\000c\000u\000m\000e\000n\000t\000a\000t\000i\000o\000n}{section.4.13}% 214
\BOOKMARK [3][-]{subsubsection.4.13.1.1}{\376\377\000I\000n\000v\000a\000r\000i\000a\000n\000t}{subsection.4.13.1}% 215
\BOOKMARK [3][-]{subsubsection.4.13.1.2}{\376\377\000I\000n\000v\000a\000r\000i\000a\000n\000t}{subsection.4.13.1}% 216
\BOOKMARK [3][-]{subsubsection.4.13.1.3}{\376\377\000I\000n\000v\000a\000r\000i\000a\000n\000t}{subsection.4.13.1}% 217
\BOOKMARK [2][-]{subsection.4.13.2}{\376\377\000M\000e\000m\000b\000e\000r\000\040\000F\000u\000n\000c\000t\000i\000o\000n\000\040\000D\000o\000c\000u\000m\000e\000n\000t\000a\000t\000i\000o\000n}{section.4.13}% 218
\BOOKMARK [3][-]{subsubsection.4.13.2.1}{\376\377\000a\000d\000d\000C\000h\000a\000n\000g\000e}{subsection.4.13.2}% 219
\BOOKMARK [3][-]{subsubsection.4.13.2.2}{\376\377\000a\000d\000d\000T\000o\000U\000p\000d\000a\000t\000e}{subsection.4.13.2}% 220
\BOOKMARK [3][-]{subsubsection.4.13.2.3}{\376\377\000c\000a\000l\000c\000u\000l\000a\000t\000e\000D\000e\000l\000t\000a\000V\000a\000l\000u\000e}{subsection.4.13.2}% 221
\BOOKMARK [3][-]{subsubsection.4.13.2.4}{\376\377\000g\000e\000t\000C\000o\000e\000f\000f\000i\000c\000i\000e\000n\000t\000s}{subsection.4.13.2}% 222
\BOOKMARK [3][-]{subsubsection.4.13.2.5}{\376\377\000g\000e\000t\000C\000o\000n\000s\000t\000r\000a\000i\000n\000t\000N\000u\000m\000b\000e\000r}{subsection.4.13.2}% 223
\BOOKMARK [3][-]{subsubsection.4.13.2.6}{\376\377\000g\000e\000t\000C\000u\000r\000r\000e\000n\000t\000V\000a\000l\000u\000e}{subsection.4.13.2}% 224
\BOOKMARK [3][-]{subsubsection.4.13.2.7}{\376\377\000g\000e\000t\000D\000e\000l\000t\000a\000V\000a\000l\000u\000e}{subsection.4.13.2}% 225
\BOOKMARK [3][-]{subsubsection.4.13.2.8}{\376\377\000g\000e\000t\000P\000r\000i\000o\000r\000i\000t\000y}{subsection.4.13.2}% 226
\BOOKMARK [3][-]{subsubsection.4.13.2.9}{\376\377\000g\000e\000t\000T\000y\000p\000e}{subsection.4.13.2}% 227
\BOOKMARK [3][-]{subsubsection.4.13.2.10}{\376\377\000g\000e\000t\000U\000p\000d\000a\000t\000e\000V\000e\000c\000t\000o\000r}{subsection.4.13.2}% 228
\BOOKMARK [3][-]{subsubsection.4.13.2.11}{\376\377\000g\000e\000t\000U\000s\000e\000d\000I\000n\000O\000b\000j\000e\000c\000t\000i\000v\000e}{subsection.4.13.2}% 229
\BOOKMARK [3][-]{subsubsection.4.13.2.12}{\376\377\000g\000e\000t\000V\000a\000r\000i\000a\000b\000l\000e\000I\000D}{subsection.4.13.2}% 230
\BOOKMARK [3][-]{subsubsection.4.13.2.13}{\376\377\000g\000e\000t\000V\000a\000r\000i\000a\000b\000l\000e\000s}{subsection.4.13.2}% 231
\BOOKMARK [3][-]{subsubsection.4.13.2.14}{\376\377\000i\000n\000i\000t\000i\000a\000l\000i\000z\000e}{subsection.4.13.2}% 232
\BOOKMARK [3][-]{subsubsection.4.13.2.15}{\376\377\000s\000e\000t\000U\000s\000e\000d\000B\000y\000C\000o\000n\000s\000t\000r\000a\000i\000n\000t}{subsection.4.13.2}% 233
\BOOKMARK [3][-]{subsubsection.4.13.2.16}{\376\377\000s\000e\000t\000U\000s\000e\000d\000B\000y\000O\000b\000j\000e\000c\000t\000i\000v\000e}{subsection.4.13.2}% 234
\BOOKMARK [3][-]{subsubsection.4.13.2.17}{\376\377\000t\000e\000s\000t}{subsection.4.13.2}% 235
\BOOKMARK [3][-]{subsubsection.4.13.2.18}{\376\377\000u\000p\000d\000a\000t\000e\000V\000a\000l\000u\000e}{subsection.4.13.2}% 236
\BOOKMARK [2][-]{subsection.4.13.3}{\376\377\000F\000r\000i\000e\000n\000d\000s\000\040\000A\000n\000d\000\040\000R\000e\000l\000a\000t\000e\000d\000\040\000F\000u\000n\000c\000t\000i\000o\000n\000\040\000D\000o\000c\000u\000m\000e\000n\000t\000a\000t\000i\000o\000n}{section.4.13}% 237
\BOOKMARK [3][-]{subsubsection.4.13.3.1}{\376\377\000G\000e\000n\000e\000r\000a\000l\000S\000o\000l\000v\000e\000r}{subsection.4.13.3}% 238
\BOOKMARK [2][-]{subsection.4.13.4}{\376\377\000M\000e\000m\000b\000e\000r\000\040\000D\000a\000t\000a\000\040\000D\000o\000c\000u\000m\000e\000n\000t\000a\000t\000i\000o\000n}{section.4.13}% 239
\BOOKMARK [3][-]{subsubsection.4.13.4.1}{\376\377\000c\000o\000e\000f\000f\000i\000c\000i\000e\000n\000t\000s}{subsection.4.13.4}% 240
\BOOKMARK [3][-]{subsubsection.4.13.4.2}{\376\377\000c\000o\000n\000s\000t\000r\000a\000i\000n\000t\000P\000r\000i\000o\000r\000i\000t\000y}{subsection.4.13.4}% 241
\BOOKMARK [3][-]{subsubsection.4.13.4.3}{\376\377\000C\000u\000r\000r\000e\000n\000t\000V\000a\000l\000u\000e}{subsection.4.13.4}% 242
\BOOKMARK [3][-]{subsubsection.4.13.4.4}{\376\377\000D\000e\000l\000t\000a\000V\000a\000l\000u\000e}{subsection.4.13.4}% 243
\BOOKMARK [3][-]{subsubsection.4.13.4.5}{\376\377\000i\000n\000v\000a\000r\000i\000a\000n\000t\000s}{subsection.4.13.4}% 244
\BOOKMARK [3][-]{subsubsection.4.13.4.6}{\376\377\000s\000t\000a\000r\000t\000V\000a\000l\000u\000e}{subsection.4.13.4}% 245
\BOOKMARK [3][-]{subsubsection.4.13.4.7}{\376\377\000t\000y\000p\000e}{subsection.4.13.4}% 246
\BOOKMARK [3][-]{subsubsection.4.13.4.8}{\376\377\000u\000p\000d\000a\000t\000e}{subsection.4.13.4}% 247
\BOOKMARK [3][-]{subsubsection.4.13.4.9}{\376\377\000u\000s\000e\000d\000I\000n\000C\000o\000n\000s\000t\000r\000a\000i\000n\000t\000N\000r}{subsection.4.13.4}% 248
\BOOKMARK [3][-]{subsubsection.4.13.4.10}{\376\377\000u\000s\000e\000d\000I\000n\000O\000b\000j\000e\000c\000t\000i\000v\000e\000N\000r}{subsection.4.13.4}% 249
\BOOKMARK [3][-]{subsubsection.4.13.4.11}{\376\377\000v\000a\000r\000i\000a\000b\000l\000e\000I\000D}{subsection.4.13.4}% 250
\BOOKMARK [3][-]{subsubsection.4.13.4.12}{\376\377\000V\000a\000r\000i\000a\000b\000l\000e\000P\000o\000i\000n\000t\000e\000r\000s}{subsection.4.13.4}% 251
\BOOKMARK [1][-]{section.4.14}{\376\377\000L\000i\000n\000e\000a\000r\000\040\000C\000l\000a\000s\000s\000\040\000R\000e\000f\000e\000r\000e\000n\000c\000e}{chapter.4}% 252
\BOOKMARK [2][-]{subsection.4.14.1}{\376\377\000C\000o\000n\000s\000t\000r\000u\000c\000t\000o\000r\000\040\000\046\000\040\000D\000e\000s\000t\000r\000u\000c\000t\000o\000r\000\040\000D\000o\000c\000u\000m\000e\000n\000t\000a\000t\000i\000o\000n}{section.4.14}% 253
\BOOKMARK [3][-]{subsubsection.4.14.1.1}{\376\377\000L\000i\000n\000e\000a\000r}{subsection.4.14.1}% 254
\BOOKMARK [3][-]{subsubsection.4.14.1.2}{\376\377\000L\000i\000n\000e\000a\000r}{subsection.4.14.1}% 255
\BOOKMARK [2][-]{subsection.4.14.2}{\376\377\000M\000e\000m\000b\000e\000r\000\040\000F\000u\000n\000c\000t\000i\000o\000n\000\040\000D\000o\000c\000u\000m\000e\000n\000t\000a\000t\000i\000o\000n}{section.4.14}% 256
\BOOKMARK [3][-]{subsubsection.4.14.2.1}{\376\377\000s\000e\000t\000D\000e\000l\000t\000a\000V\000i\000o\000l\000a\000t\000i\000o\000n}{subsection.4.14.2}% 257
\BOOKMARK [3][-]{subsubsection.4.14.2.2}{\376\377\000s\000e\000t\000D\000e\000l\000t\000a\000V\000i\000o\000l\000a\000t\000i\000o\000n\000D\000e\000g\000r\000e\000e}{subsection.4.14.2}% 258
\BOOKMARK [3][-]{subsubsection.4.14.2.3}{\376\377\000t\000e\000s\000t\000C\000o\000n\000s}{subsection.4.14.2}% 259
\BOOKMARK [3][-]{subsubsection.4.14.2.4}{\376\377\000t\000e\000s\000t\000O\000b\000j}{subsection.4.14.2}% 260
\BOOKMARK [3][-]{subsubsection.4.14.2.5}{\376\377\000u\000p\000d\000a\000t\000e\000V\000i\000o\000l\000a\000t\000i\000o\000n}{subsection.4.14.2}% 261
\BOOKMARK [3][-]{subsubsection.4.14.2.6}{\376\377\000u\000p\000d\000a\000t\000e\000V\000i\000o\000l\000a\000t\000i\000o\000n\000D\000e\000g\000r\000e\000e}{subsection.4.14.2}% 262
\BOOKMARK [2][-]{subsection.4.14.3}{\376\377\000M\000e\000m\000b\000e\000r\000\040\000D\000a\000t\000a\000\040\000D\000o\000c\000u\000m\000e\000n\000t\000a\000t\000i\000o\000n}{section.4.14}% 263
\BOOKMARK [3][-]{subsubsection.4.14.3.1}{\376\377\000r\000e\000l\000a\000t\000i\000o\000n}{subsection.4.14.3}% 264
\BOOKMARK [3][-]{subsubsection.4.14.3.2}{\376\377\000r\000h\000s}{subsection.4.14.3}% 265
\BOOKMARK [1][-]{section.4.15}{\376\377\000L\000S\000S\000p\000a\000c\000e\000\040\000C\000l\000a\000s\000s\000\040\000R\000e\000f\000e\000r\000e\000n\000c\000e}{chapter.4}% 266
\BOOKMARK [2][-]{subsection.4.15.1}{\376\377\000C\000o\000n\000s\000t\000r\000u\000c\000t\000o\000r\000\040\000\046\000\040\000D\000e\000s\000t\000r\000u\000c\000t\000o\000r\000\040\000D\000o\000c\000u\000m\000e\000n\000t\000a\000t\000i\000o\000n}{section.4.15}% 267
\BOOKMARK [3][-]{subsubsection.4.15.1.1}{\376\377\000L\000S\000S\000p\000a\000c\000e}{subsection.4.15.1}% 268
\BOOKMARK [3][-]{subsubsection.4.15.1.2}{\376\377\000L\000S\000S\000p\000a\000c\000e}{subsection.4.15.1}% 269
\BOOKMARK [2][-]{subsection.4.15.2}{\376\377\000M\000e\000m\000b\000e\000r\000\040\000F\000u\000n\000c\000t\000i\000o\000n\000\040\000D\000o\000c\000u\000m\000e\000n\000t\000a\000t\000i\000o\000n}{section.4.15}% 270
\BOOKMARK [3][-]{subsubsection.4.15.2.1}{\376\377\000b\000e\000s\000t\000I\000m\000p\000r\000o\000v\000e\000m\000e\000n\000t}{subsection.4.15.2}% 271
\BOOKMARK [3][-]{subsubsection.4.15.2.2}{\376\377\000o\000p\000t\000i\000m\000i\000z\000e\000S\000o\000l\000u\000t\000i\000o\000n}{subsection.4.15.2}% 272
\BOOKMARK [3][-]{subsubsection.4.15.2.3}{\376\377\000p\000r\000i\000n\000t\000C\000u\000r\000r\000e\000n\000t}{subsection.4.15.2}% 273
\BOOKMARK [3][-]{subsubsection.4.15.2.4}{\376\377\000s\000i\000m\000p\000l\000e\000M\000o\000v\000e}{subsection.4.15.2}% 274
\BOOKMARK [2][-]{subsection.4.15.3}{\376\377\000F\000r\000i\000e\000n\000d\000s\000\040\000A\000n\000d\000\040\000R\000e\000l\000a\000t\000e\000d\000\040\000F\000u\000n\000c\000t\000i\000o\000n\000\040\000D\000o\000c\000u\000m\000e\000n\000t\000a\000t\000i\000o\000n}{section.4.15}% 275
\BOOKMARK [3][-]{subsubsection.4.15.3.1}{\376\377\000T\000e\000s\000t}{subsection.4.15.3}% 276
\BOOKMARK [2][-]{subsection.4.15.4}{\376\377\000M\000e\000m\000b\000e\000r\000\040\000D\000a\000t\000a\000\040\000D\000o\000c\000u\000m\000e\000n\000t\000a\000t\000i\000o\000n}{section.4.15}% 277
\BOOKMARK [3][-]{subsubsection.4.15.4.1}{\376\377\000i\000t\000e\000r\000a\000t\000i\000o\000n\000s}{subsection.4.15.4}% 278
\BOOKMARK [3][-]{subsubsection.4.15.4.2}{\376\377\000m\000o\000d\000e\000l}{subsection.4.15.4}% 279
\BOOKMARK [3][-]{subsubsection.4.15.4.3}{\376\377\000V\000i\000o\000l\000a\000t\000i\000o\000n\000s}{subsection.4.15.4}% 280
\BOOKMARK [1][-]{section.4.16}{\376\377\000M\000o\000d\000e\000l\000\040\000C\000l\000a\000s\000s\000\040\000R\000e\000f\000e\000r\000e\000n\000c\000e}{chapter.4}% 281
\BOOKMARK [2][-]{subsection.4.16.1}{\376\377\000C\000o\000n\000s\000t\000r\000u\000c\000t\000o\000r\000\040\000\046\000\040\000D\000e\000s\000t\000r\000u\000c\000t\000o\000r\000\040\000D\000o\000c\000u\000m\000e\000n\000t\000a\000t\000i\000o\000n}{section.4.16}% 282
\BOOKMARK [3][-]{subsubsection.4.16.1.1}{\376\377\000M\000o\000d\000e\000l}{subsection.4.16.1}% 283
\BOOKMARK [3][-]{subsubsection.4.16.1.2}{\376\377\000M\000o\000d\000e\000l}{subsection.4.16.1}% 284
\BOOKMARK [3][-]{subsubsection.4.16.1.3}{\376\377\000M\000o\000d\000e\000l}{subsection.4.16.1}% 285
\BOOKMARK [2][-]{subsection.4.16.2}{\376\377\000M\000e\000m\000b\000e\000r\000\040\000F\000u\000n\000c\000t\000i\000o\000n\000\040\000D\000o\000c\000u\000m\000e\000n\000t\000a\000t\000i\000o\000n}{section.4.16}% 286
\BOOKMARK [3][-]{subsubsection.4.16.2.1}{\376\377\000a\000d\000d\000B\000i\000n\000a\000r\000y\000V\000a\000r\000i\000a\000b\000l\000e}{subsection.4.16.2}% 287
\BOOKMARK [3][-]{subsubsection.4.16.2.2}{\376\377\000a\000d\000d\000I\000n\000t\000e\000g\000e\000r\000V\000a\000r\000i\000a\000b\000l\000e}{subsection.4.16.2}% 288
\BOOKMARK [3][-]{subsubsection.4.16.2.3}{\376\377\000g\000e\000t\000A\000l\000l\000V\000a\000r\000i\000a\000b\000l\000e\000s}{subsection.4.16.2}% 289
\BOOKMARK [3][-]{subsubsection.4.16.2.4}{\376\377\000g\000e\000t\000C\000o\000n\000s\000t\000r\000a\000i\000n\000t\000s}{subsection.4.16.2}% 290
\BOOKMARK [3][-]{subsubsection.4.16.2.5}{\376\377\000g\000e\000t\000C\000o\000n\000s\000t\000r\000a\000i\000n\000t\000s\000W\000i\000t\000h\000P\000r\000i\000o\000r\000i\000t\000y}{subsection.4.16.2}% 291
\BOOKMARK [3][-]{subsubsection.4.16.2.6}{\376\377\000g\000e\000t\000I\000n\000t\000e\000g\000e\000r\000V\000a\000r\000i\000a\000b\000l\000e\000s}{subsection.4.16.2}% 292
\BOOKMARK [3][-]{subsubsection.4.16.2.7}{\376\377\000g\000e\000t\000I\000n\000v\000a\000r\000i\000a\000n\000t\000s}{subsection.4.16.2}% 293
\BOOKMARK [3][-]{subsubsection.4.16.2.8}{\376\377\000g\000e\000t\000M\000a\000s\000k}{subsection.4.16.2}% 294
\BOOKMARK [3][-]{subsubsection.4.16.2.9}{\376\377\000g\000e\000t\000M\000a\000s\000k\000A\000t}{subsection.4.16.2}% 295
\BOOKMARK [3][-]{subsubsection.4.16.2.10}{\376\377\000g\000e\000t\000N\000o\000n\000F\000i\000x\000e\000d\000B\000i\000n\000a\000r\000y\000V\000a\000r\000i\000a\000b\000l\000e}{subsection.4.16.2}% 296
\BOOKMARK [3][-]{subsubsection.4.16.2.11}{\376\377\000g\000e\000t\000N\000o\000n\000F\000i\000x\000e\000d\000B\000i\000n\000a\000r\000y\000V\000a\000r\000i\000a\000b\000l\000e\000s}{subsection.4.16.2}% 297
\BOOKMARK [3][-]{subsubsection.4.16.2.12}{\376\377\000g\000e\000t\000O\000b\000j\000e\000c\000t\000i\000v\000e\000s}{subsection.4.16.2}% 298
\BOOKMARK [3][-]{subsubsection.4.16.2.13}{\376\377\000n\000o\000n\000F\000i\000x\000e\000d\000V\000a\000r\000i\000a\000b\000l\000e\000s}{subsection.4.16.2}% 299
\BOOKMARK [3][-]{subsubsection.4.16.2.14}{\376\377\000u\000p\000d\000a\000t\000e\000I\000n\000t\000e\000g\000e\000r\000V\000a\000r\000i\000a\000b\000l\000e}{subsection.4.16.2}% 300
\BOOKMARK [2][-]{subsection.4.16.3}{\376\377\000M\000e\000m\000b\000e\000r\000\040\000D\000a\000t\000a\000\040\000D\000o\000c\000u\000m\000e\000n\000t\000a\000t\000i\000o\000n}{section.4.16}% 301
\BOOKMARK [3][-]{subsubsection.4.16.3.1}{\376\377\000C\000o\000n\000s\000t\000r\000a\000i\000n\000t\000s}{subsection.4.16.3}% 302
\BOOKMARK [3][-]{subsubsection.4.16.3.2}{\376\377\000i\000n\000i\000t\000i\000a\000l\000V\000a\000l\000u\000e}{subsection.4.16.3}% 303
\BOOKMARK [3][-]{subsubsection.4.16.3.3}{\376\377\000I\000n\000t\000e\000g\000e\000r\000V\000a\000r\000i\000a\000b\000l\000e\000s}{subsection.4.16.3}% 304
\BOOKMARK [3][-]{subsubsection.4.16.3.4}{\376\377\000I\000n\000v\000a\000r\000i\000a\000n\000t\000s}{subsection.4.16.3}% 305
\BOOKMARK [3][-]{subsubsection.4.16.3.5}{\376\377\000m\000a\000s\000k}{subsection.4.16.3}% 306
\BOOKMARK [3][-]{subsubsection.4.16.3.6}{\376\377\000n\000o\000n\000F\000i\000x\000e\000d\000B\000i\000n\000a\000r\000y\000V\000a\000r\000i\000a\000b\000l\000e\000s}{subsection.4.16.3}% 307
\BOOKMARK [3][-]{subsubsection.4.16.3.7}{\376\377\000o\000r\000i\000g\000i\000n\000a\000l}{subsection.4.16.3}% 308
\BOOKMARK [1][-]{section.4.17}{\376\377\000M\000o\000v\000e\000\040\000C\000l\000a\000s\000s\000\040\000R\000e\000f\000e\000r\000e\000n\000c\000e}{chapter.4}% 309
\BOOKMARK [2][-]{subsection.4.17.1}{\376\377\000C\000o\000n\000s\000t\000r\000u\000c\000t\000o\000r\000\040\000\046\000\040\000D\000e\000s\000t\000r\000u\000c\000t\000o\000r\000\040\000D\000o\000c\000u\000m\000e\000n\000t\000a\000t\000i\000o\000n}{section.4.17}% 310
\BOOKMARK [3][-]{subsubsection.4.17.1.1}{\376\377\000M\000o\000v\000e}{subsection.4.17.1}% 311
\BOOKMARK [3][-]{subsubsection.4.17.1.2}{\376\377\000M\000o\000v\000e}{subsection.4.17.1}% 312
\BOOKMARK [3][-]{subsubsection.4.17.1.3}{\376\377\000M\000o\000v\000e}{subsection.4.17.1}% 313
\BOOKMARK [3][-]{subsubsection.4.17.1.4}{\376\377\000M\000o\000v\000e}{subsection.4.17.1}% 314
\BOOKMARK [3][-]{subsubsection.4.17.1.5}{\376\377\000M\000o\000v\000e}{subsection.4.17.1}% 315
\BOOKMARK [3][-]{subsubsection.4.17.1.6}{\376\377\000M\000o\000v\000e}{subsection.4.17.1}% 316
\BOOKMARK [2][-]{subsection.4.17.2}{\376\377\000M\000e\000m\000b\000e\000r\000\040\000F\000u\000n\000c\000t\000i\000o\000n\000\040\000D\000o\000c\000u\000m\000e\000n\000t\000a\000t\000i\000o\000n}{section.4.17}% 317
\BOOKMARK [3][-]{subsubsection.4.17.2.1}{\376\377\000c\000o\000p\000y}{subsection.4.17.2}% 318
\BOOKMARK [3][-]{subsubsection.4.17.2.2}{\376\377\000f\000l\000i\000p}{subsection.4.17.2}% 319
\BOOKMARK [3][-]{subsubsection.4.17.2.3}{\376\377\000o\000p\000e\000r\000a\000t\000o\000r\000=}{subsection.4.17.2}% 320
\BOOKMARK [2][-]{subsection.4.17.3}{\376\377\000M\000e\000m\000b\000e\000r\000\040\000D\000a\000t\000a\000\040\000D\000o\000c\000u\000m\000e\000n\000t\000a\000t\000i\000o\000n}{section.4.17}% 321
\BOOKMARK [3][-]{subsubsection.4.17.3.1}{\376\377\000d\000e\000l\000t\000a\000V\000a\000l\000u\000e\000F\000i\000r\000s\000t}{subsection.4.17.3}% 322
\BOOKMARK [3][-]{subsubsection.4.17.3.2}{\376\377\000d\000e\000l\000t\000a\000V\000a\000l\000u\000e\000S\000e\000c\000o\000n\000d}{subsection.4.17.3}% 323
\BOOKMARK [3][-]{subsubsection.4.17.3.3}{\376\377\000d\000e\000l\000t\000a\000V\000a\000l\000u\000e\000T\000h\000i\000r\000d}{subsection.4.17.3}% 324
\BOOKMARK [3][-]{subsubsection.4.17.3.4}{\376\377\000f\000i\000r\000s\000t}{subsection.4.17.3}% 325
\BOOKMARK [3][-]{subsubsection.4.17.3.5}{\376\377\000m\000o\000v\000e\000T\000y\000p\000e}{subsection.4.17.3}% 326
\BOOKMARK [3][-]{subsubsection.4.17.3.6}{\376\377\000s\000e\000c\000o\000n\000d}{subsection.4.17.3}% 327
\BOOKMARK [3][-]{subsubsection.4.17.3.7}{\376\377\000t\000h\000i\000r\000d}{subsection.4.17.3}% 328
\BOOKMARK [1][-]{section.4.18}{\376\377\000M\000u\000l\000t\000i\000s\000t\000o\000p\000\040\000C\000l\000a\000s\000s\000\040\000R\000e\000f\000e\000r\000e\000n\000c\000e}{chapter.4}% 329
\BOOKMARK [2][-]{subsection.4.18.1}{\376\377\000C\000o\000n\000s\000t\000r\000u\000c\000t\000o\000r\000\040\000\046\000\040\000D\000e\000s\000t\000r\000u\000c\000t\000o\000r\000\040\000D\000o\000c\000u\000m\000e\000n\000t\000a\000t\000i\000o\000n}{section.4.18}% 330
\BOOKMARK [3][-]{subsubsection.4.18.1.1}{\376\377\000M\000u\000l\000t\000i\000s\000t\000o\000p}{subsection.4.18.1}% 331
\BOOKMARK [3][-]{subsubsection.4.18.1.2}{\376\377\000M\000u\000l\000t\000i\000s\000t\000o\000p}{subsection.4.18.1}% 332
\BOOKMARK [3][-]{subsubsection.4.18.1.3}{\376\377\000M\000u\000l\000t\000i\000s\000t\000o\000p}{subsection.4.18.1}% 333
\BOOKMARK [2][-]{subsection.4.18.2}{\376\377\000M\000e\000m\000b\000e\000r\000\040\000F\000u\000n\000c\000t\000i\000o\000n\000\040\000D\000o\000c\000u\000m\000e\000n\000t\000a\000t\000i\000o\000n}{section.4.18}% 334
\BOOKMARK [3][-]{subsubsection.4.18.2.1}{\376\377\000s\000t\000o\000p}{subsection.4.18.2}% 335
\BOOKMARK [2][-]{subsection.4.18.3}{\376\377\000M\000e\000m\000b\000e\000r\000\040\000D\000a\000t\000a\000\040\000D\000o\000c\000u\000m\000e\000n\000t\000a\000t\000i\000o\000n}{section.4.18}% 336
\BOOKMARK [3][-]{subsubsection.4.18.3.1}{\376\377\000c\000a\000l\000l\000e\000d}{subsection.4.18.3}% 337
\BOOKMARK [3][-]{subsubsection.4.18.3.2}{\376\377\000f\000s}{subsection.4.18.3}% 338
\BOOKMARK [3][-]{subsubsection.4.18.3.3}{\376\377\000n\000s}{subsection.4.18.3}% 339
\BOOKMARK [3][-]{subsubsection.4.18.3.4}{\376\377\000t\000s}{subsection.4.18.3}% 340
\BOOKMARK [1][-]{section.4.19}{\376\377\000N\000e\000i\000g\000h\000b\000o\000r\000h\000o\000o\000d\000E\000x\000p\000l\000o\000r\000e\000r\000\040\000C\000l\000a\000s\000s\000\040\000R\000e\000f\000e\000r\000e\000n\000c\000e}{chapter.4}% 341
\BOOKMARK [2][-]{subsection.4.19.1}{\376\377\000C\000o\000n\000s\000t\000r\000u\000c\000t\000o\000r\000\040\000\046\000\040\000D\000e\000s\000t\000r\000u\000c\000t\000o\000r\000\040\000D\000o\000c\000u\000m\000e\000n\000t\000a\000t\000i\000o\000n}{section.4.19}% 342
\BOOKMARK [3][-]{subsubsection.4.19.1.1}{\376\377\000N\000e\000i\000g\000h\000b\000o\000r\000h\000o\000o\000d\000E\000x\000p\000l\000o\000r\000e\000r}{subsection.4.19.1}% 343
\BOOKMARK [3][-]{subsubsection.4.19.1.2}{\376\377\000N\000e\000i\000g\000h\000b\000o\000r\000h\000o\000o\000d\000E\000x\000p\000l\000o\000r\000e\000r}{subsection.4.19.1}% 344
\BOOKMARK [3][-]{subsubsection.4.19.1.3}{\376\377\000N\000e\000i\000g\000h\000b\000o\000r\000h\000o\000o\000d\000E\000x\000p\000l\000o\000r\000e\000r}{subsection.4.19.1}% 345
\BOOKMARK [2][-]{subsection.4.19.2}{\376\377\000M\000e\000m\000b\000e\000r\000\040\000F\000u\000n\000c\000t\000i\000o\000n\000\040\000D\000o\000c\000u\000m\000e\000n\000t\000a\000t\000i\000o\000n}{section.4.19}% 346
\BOOKMARK [3][-]{subsubsection.4.19.2.1}{\376\377\000b\000e\000s\000t\000I\000m\000p\000r\000o\000v\000e\000m\000e\000n\000t}{subsection.4.19.2}% 347
\BOOKMARK [3][-]{subsubsection.4.19.2.2}{\376\377\000c\000a\000l\000c\000u\000l\000a\000t\000e\000D\000e\000l\000t\000a\000C\000h\000a\000n\000g\000e}{subsection.4.19.2}% 348
\BOOKMARK [3][-]{subsubsection.4.19.2.3}{\376\377\000c\000o\000m\000m\000i\000t\000M\000o\000v\000e}{subsection.4.19.2}% 349
\BOOKMARK [3][-]{subsubsection.4.19.2.4}{\376\377\000m\000a\000k\000e\000M\000o\000v\000e}{subsection.4.19.2}% 350
\BOOKMARK [3][-]{subsubsection.4.19.2.5}{\376\377\000r\000a\000n\000d\000o\000m\000W\000a\000l\000k}{subsection.4.19.2}% 351
\BOOKMARK [2][-]{subsection.4.19.3}{\376\377\000M\000e\000m\000b\000e\000r\000\040\000D\000a\000t\000a\000\040\000D\000o\000c\000u\000m\000e\000n\000t\000a\000t\000i\000o\000n}{section.4.19}% 352
\BOOKMARK [3][-]{subsubsection.4.19.3.1}{\376\377\000m\000o\000d\000e\000l}{subsection.4.19.3}% 353
\BOOKMARK [1][-]{section.4.20}{\376\377\000O\000p\000t\000i\000o\000n\000s\000\040\000C\000l\000a\000s\000s\000\040\000R\000e\000f\000e\000r\000e\000n\000c\000e}{chapter.4}% 354
\BOOKMARK [2][-]{subsection.4.20.1}{\376\377\000C\000o\000n\000s\000t\000r\000u\000c\000t\000o\000r\000\040\000\046\000\040\000D\000e\000s\000t\000r\000u\000c\000t\000o\000r\000\040\000D\000o\000c\000u\000m\000e\000n\000t\000a\000t\000i\000o\000n}{section.4.20}% 355
\BOOKMARK [3][-]{subsubsection.4.20.1.1}{\376\377\000O\000p\000t\000i\000o\000n\000s}{subsection.4.20.1}% 356
\BOOKMARK [3][-]{subsubsection.4.20.1.2}{\376\377\000O\000p\000t\000i\000o\000n\000s}{subsection.4.20.1}% 357
\BOOKMARK [3][-]{subsubsection.4.20.1.3}{\376\377\000O\000p\000t\000i\000o\000n\000s}{subsection.4.20.1}% 358
\BOOKMARK [2][-]{subsection.4.20.2}{\376\377\000M\000e\000m\000b\000e\000r\000\040\000D\000a\000t\000a\000\040\000D\000o\000c\000u\000m\000e\000n\000t\000a\000t\000i\000o\000n}{section.4.20}% 359
\BOOKMARK [3][-]{subsubsection.4.20.2.1}{\376\377\000t\000i\000m\000e\000l\000i\000m\000i\000t}{subsection.4.20.2}% 360
\BOOKMARK [1][-]{section.4.21}{\376\377\000R\000a\000n\000d\000o\000m\000\040\000C\000l\000a\000s\000s\000\040\000R\000e\000f\000e\000r\000e\000n\000c\000e}{chapter.4}% 361
\BOOKMARK [2][-]{subsection.4.21.1}{\376\377\000M\000e\000m\000b\000e\000r\000\040\000F\000u\000n\000c\000t\000i\000o\000n\000\040\000D\000o\000c\000u\000m\000e\000n\000t\000a\000t\000i\000o\000n}{section.4.21}% 362
\BOOKMARK [3][-]{subsubsection.4.21.1.1}{\376\377\000D\000o\000u\000b\000l\000e}{subsection.4.21.1}% 363
\BOOKMARK [3][-]{subsubsection.4.21.1.2}{\376\377\000I\000n\000t\000e\000g\000e\000r}{subsection.4.21.1}% 364
\BOOKMARK [3][-]{subsubsection.4.21.1.3}{\376\377\000I\000n\000t\000e\000g\000e\000r}{subsection.4.21.1}% 365
\BOOKMARK [3][-]{subsubsection.4.21.1.4}{\376\377\000S\000e\000e\000d}{subsection.4.21.1}% 366
\BOOKMARK [2][-]{subsection.4.21.2}{\376\377\000M\000e\000m\000b\000e\000r\000\040\000D\000a\000t\000a\000\040\000D\000o\000c\000u\000m\000e\000n\000t\000a\000t\000i\000o\000n}{section.4.21}% 367
\BOOKMARK [3][-]{subsubsection.4.21.2.1}{\376\377\000m\000t}{subsection.4.21.2}% 368
\BOOKMARK [3][-]{subsubsection.4.21.2.2}{\376\377\000s\000e\000e\000d}{subsection.4.21.2}% 369
\BOOKMARK [1][-]{section.4.22}{\376\377\000C\000o\000n\000s\000t\000r\000a\000i\000n\000t\000:\000:\000S\000o\000r\000t\000G\000r\000e\000a\000t\000e\000r\000\040\000S\000t\000r\000u\000c\000t\000\040\000R\000e\000f\000e\000r\000e\000n\000c\000e}{chapter.4}% 370
\BOOKMARK [2][-]{subsection.4.22.1}{\376\377\000M\000e\000m\000b\000e\000r\000\040\000F\000u\000n\000c\000t\000i\000o\000n\000\040\000D\000o\000c\000u\000m\000e\000n\000t\000a\000t\000i\000o\000n}{section.4.22}% 371
\BOOKMARK [3][-]{subsubsection.4.22.1.1}{\376\377\000o\000p\000e\000r\000a\000t\000o\000r\000\050\000\051}{subsection.4.22.1}% 372
\BOOKMARK [1][-]{section.4.23}{\376\377\000S\000t\000a\000t\000e\000\040\000C\000l\000a\000s\000s\000\040\000R\000e\000f\000e\000r\000e\000n\000c\000e}{chapter.4}% 373
\BOOKMARK [2][-]{subsection.4.23.1}{\376\377\000C\000o\000n\000s\000t\000r\000u\000c\000t\000o\000r\000\040\000\046\000\040\000D\000e\000s\000t\000r\000u\000c\000t\000o\000r\000\040\000D\000o\000c\000u\000m\000e\000n\000t\000a\000t\000i\000o\000n}{section.4.23}% 374
\BOOKMARK [3][-]{subsubsection.4.23.1.1}{\376\377\000S\000t\000a\000t\000e}{subsection.4.23.1}% 375
\BOOKMARK [3][-]{subsubsection.4.23.1.2}{\376\377\000S\000t\000a\000t\000e}{subsection.4.23.1}% 376
\BOOKMARK [3][-]{subsubsection.4.23.1.3}{\376\377\000S\000t\000a\000t\000e}{subsection.4.23.1}% 377
\BOOKMARK [2][-]{subsection.4.23.2}{\376\377\000M\000e\000m\000b\000e\000r\000\040\000F\000u\000n\000c\000t\000i\000o\000n\000\040\000D\000o\000c\000u\000m\000e\000n\000t\000a\000t\000i\000o\000n}{section.4.23}% 378
\BOOKMARK [3][-]{subsubsection.4.23.2.1}{\376\377\000g\000e\000t\000O\000b\000j\000e\000c\000t\000i\000v\000e\000V\000a\000l\000u\000e}{subsection.4.23.2}% 379
\BOOKMARK [3][-]{subsubsection.4.23.2.2}{\376\377\000g\000e\000t\000S\000o\000l\000u\000t\000i\000o\000n}{subsection.4.23.2}% 380
\BOOKMARK [3][-]{subsubsection.4.23.2.3}{\376\377\000g\000e\000t\000S\000o\000l\000u\000t\000i\000o\000n\000V\000a\000l\000u\000e}{subsection.4.23.2}% 381
\BOOKMARK [3][-]{subsubsection.4.23.2.4}{\376\377\000i\000n\000i\000t\000i\000a\000l\000i\000z\000e\000C\000o\000n\000s\000t\000r\000a\000i\000n\000t\000s}{subsection.4.23.2}% 382
\BOOKMARK [3][-]{subsubsection.4.23.2.5}{\376\377\000i\000n\000i\000t\000i\000a\000l\000i\000z\000e\000I\000n\000v\000a\000r\000i\000a\000n\000t\000s}{subsection.4.23.2}% 383
\BOOKMARK [3][-]{subsubsection.4.23.2.6}{\376\377\000i\000n\000i\000t\000i\000a\000l\000i\000z\000e\000O\000b\000j\000e\000c\000t\000i\000v\000e}{subsection.4.23.2}% 384
\BOOKMARK [3][-]{subsubsection.4.23.2.7}{\376\377\000m\000a\000s\000k\000A\000t}{subsection.4.23.2}% 385
\BOOKMARK [3][-]{subsubsection.4.23.2.8}{\376\377\000r\000e\000c\000a\000l\000c\000u\000l\000a\000t\000e\000A\000l\000l}{subsection.4.23.2}% 386
\BOOKMARK [3][-]{subsubsection.4.23.2.9}{\376\377\000s\000a\000v\000e\000S\000o\000l\000u\000t\000i\000o\000n}{subsection.4.23.2}% 387
\BOOKMARK [3][-]{subsubsection.4.23.2.10}{\376\377\000s\000e\000t\000S\000o\000l\000u\000t\000i\000o\000n}{subsection.4.23.2}% 388
\BOOKMARK [3][-]{subsubsection.4.23.2.11}{\376\377\000s\000h\000u\000f\000f\000l\000e\000M\000a\000s\000k}{subsection.4.23.2}% 389
\BOOKMARK [2][-]{subsection.4.23.3}{\376\377\000M\000e\000m\000b\000e\000r\000\040\000D\000a\000t\000a\000\040\000D\000o\000c\000u\000m\000e\000n\000t\000a\000t\000i\000o\000n}{section.4.23}% 390
\BOOKMARK [3][-]{subsubsection.4.23.3.1}{\376\377\000m\000a\000s\000k}{subsection.4.23.3}% 391
\BOOKMARK [3][-]{subsubsection.4.23.3.2}{\376\377\000m\000o\000d\000e\000l}{subsection.4.23.3}% 392
\BOOKMARK [3][-]{subsubsection.4.23.3.3}{\376\377\000n\000u\000m\000b\000e\000r\000O\000f\000V\000i\000o\000l\000a\000t\000i\000o\000n\000s}{subsection.4.23.3}% 393
\BOOKMARK [3][-]{subsubsection.4.23.3.4}{\376\377\000s\000o\000l\000u\000t\000i\000o\000n}{subsection.4.23.3}% 394
\BOOKMARK [3][-]{subsubsection.4.23.3.5}{\376\377\000s\000o\000l\000u\000t\000i\000o\000n\000V\000a\000l\000u\000e}{subsection.4.23.3}% 395
\BOOKMARK [1][-]{section.4.24}{\376\377\000S\000u\000m\000\040\000C\000l\000a\000s\000s\000\040\000R\000e\000f\000e\000r\000e\000n\000c\000e}{chapter.4}% 396
\BOOKMARK [2][-]{subsection.4.24.1}{\376\377\000C\000o\000n\000s\000t\000r\000u\000c\000t\000o\000r\000\040\000\046\000\040\000D\000e\000s\000t\000r\000u\000c\000t\000o\000r\000\040\000D\000o\000c\000u\000m\000e\000n\000t\000a\000t\000i\000o\000n}{section.4.24}% 397
\BOOKMARK [3][-]{subsubsection.4.24.1.1}{\376\377\000S\000u\000m}{subsection.4.24.1}% 398
\BOOKMARK [3][-]{subsubsection.4.24.1.2}{\376\377\000S\000u\000m}{subsection.4.24.1}% 399
\BOOKMARK [3][-]{subsubsection.4.24.1.3}{\376\377\000S\000u\000m}{subsection.4.24.1}% 400
\BOOKMARK [3][-]{subsubsection.4.24.1.4}{\376\377\000S\000u\000m}{subsection.4.24.1}% 401
\BOOKMARK [2][-]{subsection.4.24.2}{\376\377\000M\000e\000m\000b\000e\000r\000\040\000F\000u\000n\000c\000t\000i\000o\000n\000\040\000D\000o\000c\000u\000m\000e\000n\000t\000a\000t\000i\000o\000n}{section.4.24}% 402
\BOOKMARK [3][-]{subsubsection.4.24.2.1}{\376\377\000a\000d\000d\000C\000h\000a\000n\000g\000e}{subsection.4.24.2}% 403
\BOOKMARK [3][-]{subsubsection.4.24.2.2}{\376\377\000c\000a\000l\000c\000u\000l\000a\000t\000e\000D\000e\000l\000t\000a\000V\000a\000l\000u\000e}{subsection.4.24.2}% 404
\BOOKMARK [3][-]{subsubsection.4.24.2.3}{\376\377\000o\000p\000e\000r\000a\000t\000o\000r\000=}{subsection.4.24.2}% 405
\BOOKMARK [3][-]{subsubsection.4.24.2.4}{\376\377\000t\000e\000s\000t}{subsection.4.24.2}% 406
\BOOKMARK [2][-]{subsection.4.24.3}{\376\377\000M\000e\000m\000b\000e\000r\000\040\000D\000a\000t\000a\000\040\000D\000o\000c\000u\000m\000e\000n\000t\000a\000t\000i\000o\000n}{section.4.24}% 407
\BOOKMARK [3][-]{subsubsection.4.24.3.1}{\376\377\000V\000a\000r\000i\000a\000b\000l\000e\000C\000h\000a\000n\000g\000e}{subsection.4.24.3}% 408
\BOOKMARK [1][-]{section.4.25}{\376\377\000V\000a\000l\000u\000e\000C\000h\000a\000n\000g\000e\000M\000o\000v\000e\000\040\000C\000l\000a\000s\000s\000\040\000R\000e\000f\000e\000r\000e\000n\000c\000e}{chapter.4}% 409
\BOOKMARK [2][-]{subsection.4.25.1}{\376\377\000C\000o\000n\000s\000t\000r\000u\000c\000t\000o\000r\000\040\000\046\000\040\000D\000e\000s\000t\000r\000u\000c\000t\000o\000r\000\040\000D\000o\000c\000u\000m\000e\000n\000t\000a\000t\000i\000o\000n}{section.4.25}% 410
\BOOKMARK [3][-]{subsubsection.4.25.1.1}{\376\377\000V\000a\000l\000u\000e\000C\000h\000a\000n\000g\000e\000M\000o\000v\000e}{subsection.4.25.1}% 411
\BOOKMARK [3][-]{subsubsection.4.25.1.2}{\376\377\000V\000a\000l\000u\000e\000C\000h\000a\000n\000g\000e\000M\000o\000v\000e}{subsection.4.25.1}% 412
\BOOKMARK [3][-]{subsubsection.4.25.1.3}{\376\377\000V\000a\000l\000u\000e\000C\000h\000a\000n\000g\000e\000M\000o\000v\000e}{subsection.4.25.1}% 413
\BOOKMARK [2][-]{subsection.4.25.2}{\376\377\000M\000e\000m\000b\000e\000r\000\040\000F\000u\000n\000c\000t\000i\000o\000n\000\040\000D\000o\000c\000u\000m\000e\000n\000t\000a\000t\000i\000o\000n}{section.4.25}% 414
\BOOKMARK [3][-]{subsubsection.4.25.2.1}{\376\377\000o\000p\000e\000r\000a\000t\000o\000r\000=}{subsection.4.25.2}% 415
\BOOKMARK [1][-]{section.4.26}{\376\377\000v\000a\000r\000\040\000S\000t\000r\000u\000c\000t\000\040\000R\000e\000f\000e\000r\000e\000n\000c\000e}{chapter.4}% 416
\BOOKMARK [2][-]{subsection.4.26.1}{\376\377\000C\000o\000n\000s\000t\000r\000u\000c\000t\000o\000r\000\040\000\046\000\040\000D\000e\000s\000t\000r\000u\000c\000t\000o\000r\000\040\000D\000o\000c\000u\000m\000e\000n\000t\000a\000t\000i\000o\000n}{section.4.26}% 417
\BOOKMARK [3][-]{subsubsection.4.26.1.1}{\376\377\000v\000a\000r}{subsection.4.26.1}% 418
\BOOKMARK [2][-]{subsection.4.26.2}{\376\377\000M\000e\000m\000b\000e\000r\000\040\000D\000a\000t\000a\000\040\000D\000o\000c\000u\000m\000e\000n\000t\000a\000t\000i\000o\000n}{section.4.26}% 419
\BOOKMARK [3][-]{subsubsection.4.26.2.1}{\376\377\000b\000i\000n}{subsection.4.26.2}% 420
\BOOKMARK [3][-]{subsubsection.4.26.2.2}{\376\377\000k\000i\000n\000d}{subsection.4.26.2}% 421
\BOOKMARK [3][-]{subsubsection.4.26.2.3}{\376\377\000o\000b\000j\000c\000o\000e\000f\000f}{subsection.4.26.2}% 422
\BOOKMARK [0][-]{chapter.5}{\376\377\000F\000i\000l\000e\000\040\000D\000o\000c\000u\000m\000e\000n\000t\000a\000t\000i\000o\000n}{}% 423
\BOOKMARK [1][-]{section.5.1}{\376\377\000B\000P\000\137\000D\000a\000t\000a\000.\000c\000p\000p\000\040\000F\000i\000l\000e\000\040\000R\000e\000f\000e\000r\000e\000n\000c\000e}{chapter.5}% 424
\BOOKMARK [2][-]{subsection.5.1.1}{\376\377\000F\000u\000n\000c\000t\000i\000o\000n\000\040\000D\000o\000c\000u\000m\000e\000n\000t\000a\000t\000i\000o\000n}{section.5.1}% 425
\BOOKMARK [3][-]{subsubsection.5.1.1.1}{\376\377\000o\000p\000e\000r\000a\000t\000o\000r\000<\000<}{subsection.5.1.1}% 426
\BOOKMARK [3][-]{subsubsection.5.1.1.2}{\376\377\000o\000p\000e\000r\000a\000t\000o\000r\000>\000>}{subsection.5.1.1}% 427
\BOOKMARK [1][-]{section.5.2}{\376\377\000B\000P\000\137\000D\000a\000t\000a\000.\000h\000p\000p\000\040\000F\000i\000l\000e\000\040\000R\000e\000f\000e\000r\000e\000n\000c\000e}{chapter.5}% 428
\BOOKMARK [2][-]{subsection.5.2.1}{\376\377\000M\000a\000c\000r\000o\000\040\000D\000e\000f\000i\000n\000i\000t\000i\000o\000n\000\040\000D\000o\000c\000u\000m\000e\000n\000t\000a\000t\000i\000o\000n}{section.5.2}% 429
\BOOKMARK [3][-]{subsubsection.5.2.1.1}{\376\377\000D\000E\000B\000U\000G}{subsection.5.2.1}% 430
\BOOKMARK [1][-]{section.5.3}{\376\377\000B\000P\000S\000o\000l\000v\000e\000r\000.\000h\000p\000p\000\040\000F\000i\000l\000e\000\040\000R\000e\000f\000e\000r\000e\000n\000c\000e}{chapter.5}% 431
\BOOKMARK [1][-]{section.5.4}{\376\377\000C\000l\000o\000c\000k\000.\000c\000p\000p\000\040\000F\000i\000l\000e\000\040\000R\000e\000f\000e\000r\000e\000n\000c\000e}{chapter.5}% 432
\BOOKMARK [1][-]{section.5.5}{\376\377\000C\000l\000o\000c\000k\000.\000h\000p\000p\000\040\000F\000i\000l\000e\000\040\000R\000e\000f\000e\000r\000e\000n\000c\000e}{chapter.5}% 433
\BOOKMARK [1][-]{section.5.6}{\376\377\000C\000o\000n\000s\000t\000a\000n\000t\000s\000.\000h\000p\000p\000\040\000F\000i\000l\000e\000\040\000R\000e\000f\000e\000r\000e\000n\000c\000e}{chapter.5}% 434
\BOOKMARK [2][-]{subsection.5.6.1}{\376\377\000M\000a\000c\000r\000o\000\040\000D\000e\000f\000i\000n\000i\000t\000i\000o\000n\000\040\000D\000o\000c\000u\000m\000e\000n\000t\000a\000t\000i\000o\000n}{section.5.6}% 435
\BOOKMARK [3][-]{subsubsection.5.6.1.1}{\376\377\000d\000e\000b\000u\000g}{subsection.5.6.1}% 436
\BOOKMARK [3][-]{subsubsection.5.6.1.2}{\376\377\000E\000Q}{subsection.5.6.1}% 437
\BOOKMARK [3][-]{subsubsection.5.6.1.3}{\376\377\000F\000L\000I\000P}{subsection.5.6.1}% 438
\BOOKMARK [3][-]{subsubsection.5.6.1.4}{\376\377\000G\000Q}{subsection.5.6.1}% 439
\BOOKMARK [3][-]{subsubsection.5.6.1.5}{\376\377\000G\000R}{subsection.5.6.1}% 440
\BOOKMARK [3][-]{subsubsection.5.6.1.6}{\376\377\000H\000A\000R\000D}{subsection.5.6.1}% 441
\BOOKMARK [3][-]{subsubsection.5.6.1.7}{\376\377\000i\000n\000i\000T\000r\000a\000i\000l\000s}{subsection.5.6.1}% 442
\BOOKMARK [3][-]{subsubsection.5.6.1.8}{\376\377\000L\000E}{subsection.5.6.1}% 443
\BOOKMARK [3][-]{subsubsection.5.6.1.9}{\376\377\000L\000I\000N\000E\000A\000R}{subsection.5.6.1}% 444
\BOOKMARK [3][-]{subsubsection.5.6.1.10}{\376\377\000L\000Q}{subsection.5.6.1}% 445
\BOOKMARK [3][-]{subsubsection.5.6.1.11}{\376\377\000m\000a\000x\000I\000t\000e\000r}{subsection.5.6.1}% 446
\BOOKMARK [3][-]{subsubsection.5.6.1.12}{\376\377\000m\000a\000x\000M\000o\000v\000e\000s}{subsection.5.6.1}% 447
\BOOKMARK [3][-]{subsubsection.5.6.1.13}{\376\377\000n\000o\000n\000T\000e\000r\000m}{subsection.5.6.1}% 448
\BOOKMARK [3][-]{subsubsection.5.6.1.14}{\376\377\000O\000B\000J}{subsection.5.6.1}% 449
\BOOKMARK [3][-]{subsubsection.5.6.1.15}{\376\377\000P\000R\000I\000N\000T}{subsection.5.6.1}% 450
\BOOKMARK [3][-]{subsubsection.5.6.1.16}{\376\377\000R\000A\000N\000D\000O\000M\000S\000E\000E\000D}{subsection.5.6.1}% 451
\BOOKMARK [3][-]{subsubsection.5.6.1.17}{\376\377\000S\000O\000F\000T}{subsection.5.6.1}% 452
\BOOKMARK [3][-]{subsubsection.5.6.1.18}{\376\377\000S\000U\000M}{subsection.5.6.1}% 453
\BOOKMARK [3][-]{subsubsection.5.6.1.19}{\376\377\000S\000W\000A\000P}{subsection.5.6.1}% 454
\BOOKMARK [3][-]{subsubsection.5.6.1.20}{\376\377\000t\000a\000b\000u\000l\000i\000s\000t\000L\000B}{subsection.5.6.1}% 455
\BOOKMARK [3][-]{subsubsection.5.6.1.21}{\376\377\000t\000a\000b\000u\000l\000i\000s\000t\000U\000B}{subsection.5.6.1}% 456
\BOOKMARK [3][-]{subsubsection.5.6.1.22}{\376\377\000V\000A\000L\000U\000E\000C\000H\000A\000N\000G\000E}{subsection.5.6.1}% 457
\BOOKMARK [3][-]{subsubsection.5.6.1.23}{\376\377\000w\000e\000i\000g\000h\000t}{subsection.5.6.1}% 458
\BOOKMARK [2][-]{subsection.5.6.2}{\376\377\000T\000y\000p\000e\000d\000e\000f\000\040\000D\000o\000c\000u\000m\000e\000n\000t\000a\000t\000i\000o\000n}{section.5.6}% 459
\BOOKMARK [3][-]{subsubsection.5.6.2.1}{\376\377\000a\000l\000l\000C\000o\000n\000s\000t\000r\000a\000i\000n\000t\000s}{subsection.5.6.2}% 460
\BOOKMARK [3][-]{subsubsection.5.6.2.2}{\376\377\000c\000o\000e\000f\000T\000y\000p\000e}{subsection.5.6.2}% 461
\BOOKMARK [3][-]{subsubsection.5.6.2.3}{\376\377\000c\000o\000n\000s\000t\000r\000a\000i\000n\000t}{subsection.5.6.2}% 462
\BOOKMARK [3][-]{subsubsection.5.6.2.4}{\376\377\000c\000o\000n\000s\000t\000r\000a\000i\000n\000t\000C\000o\000n\000t\000a\000i\000n\000e\000r}{subsection.5.6.2}% 463
\BOOKMARK [3][-]{subsubsection.5.6.2.5}{\376\377\000i\000n\000v\000a\000r\000i\000a\000n\000t}{subsection.5.6.2}% 464
\BOOKMARK [3][-]{subsubsection.5.6.2.6}{\376\377\000I\000n\000v\000a\000r\000i\000a\000n\000t\000C\000o\000n\000t\000a\000i\000n\000e\000r}{subsection.5.6.2}% 465
\BOOKMARK [3][-]{subsubsection.5.6.2.7}{\376\377\000u\000p\000d\000a\000t\000e\000T\000y\000p\000e}{subsection.5.6.2}% 466
\BOOKMARK [3][-]{subsubsection.5.6.2.8}{\376\377\000u\000p\000d\000a\000t\000e\000V\000e\000c\000t\000o\000r}{subsection.5.6.2}% 467
\BOOKMARK [3][-]{subsubsection.5.6.2.9}{\376\377\000v\000a\000r\000i\000a\000b\000l\000e\000C\000o\000n\000t\000a\000i\000n\000e\000r}{subsection.5.6.2}% 468
\BOOKMARK [3][-]{subsubsection.5.6.2.10}{\376\377\000V\000a\000r\000i\000a\000b\000l\000e\000I\000n\000C\000o\000n\000s\000t\000r\000a\000i\000n\000t\000s}{subsection.5.6.2}% 469
\BOOKMARK [1][-]{section.5.7}{\376\377\000C\000o\000n\000s\000t\000r\000a\000i\000n\000t\000.\000h\000p\000p\000\040\000F\000i\000l\000e\000\040\000R\000e\000f\000e\000r\000e\000n\000c\000e}{chapter.5}% 470
\BOOKMARK [1][-]{section.5.8}{\376\377\000F\000l\000i\000p\000M\000o\000v\000e\000.\000c\000p\000p\000\040\000F\000i\000l\000e\000\040\000R\000e\000f\000e\000r\000e\000n\000c\000e}{chapter.5}% 471
\BOOKMARK [1][-]{section.5.9}{\376\377\000F\000l\000i\000p\000M\000o\000v\000e\000.\000h\000p\000p\000\040\000F\000i\000l\000e\000\040\000R\000e\000f\000e\000r\000e\000n\000c\000e}{chapter.5}% 472
\BOOKMARK [1][-]{section.5.10}{\376\377\000G\000e\000c\000o\000d\000e\000S\000o\000l\000v\000e\000r\000.\000c\000p\000p\000\040\000F\000i\000l\000e\000\040\000R\000e\000f\000e\000r\000e\000n\000c\000e}{chapter.5}% 473
\BOOKMARK [1][-]{section.5.11}{\376\377\000G\000e\000c\000o\000d\000e\000S\000o\000l\000v\000e\000r\000.\000h\000p\000p\000\040\000F\000i\000l\000e\000\040\000R\000e\000f\000e\000r\000e\000n\000c\000e}{chapter.5}% 474
\BOOKMARK [1][-]{section.5.12}{\376\377\000G\000e\000n\000e\000r\000a\000l\000S\000o\000l\000v\000e\000r\000.\000c\000p\000p\000\040\000F\000i\000l\000e\000\040\000R\000e\000f\000e\000r\000e\000n\000c\000e}{chapter.5}% 475
\BOOKMARK [1][-]{section.5.13}{\376\377\000G\000e\000n\000e\000r\000a\000l\000S\000o\000l\000v\000e\000r\000.\000h\000p\000p\000\040\000F\000i\000l\000e\000\040\000R\000e\000f\000e\000r\000e\000n\000c\000e}{chapter.5}% 476
\BOOKMARK [1][-]{section.5.14}{\376\377\000g\000e\000t\000R\000S\000S\000.\000h\000p\000p\000\040\000F\000i\000l\000e\000\040\000R\000e\000f\000e\000r\000e\000n\000c\000e}{chapter.5}% 477
\BOOKMARK [2][-]{subsection.5.14.1}{\376\377\000F\000u\000n\000c\000t\000i\000o\000n\000\040\000D\000o\000c\000u\000m\000e\000n\000t\000a\000t\000i\000o\000n}{section.5.14}% 478
\BOOKMARK [3][-]{subsubsection.5.14.1.1}{\376\377\000g\000e\000t\000C\000u\000r\000r\000e\000n\000t\000R\000S\000S}{subsection.5.14.1}% 479
\BOOKMARK [3][-]{subsubsection.5.14.1.2}{\376\377\000g\000e\000t\000P\000e\000a\000k\000R\000S\000S}{subsection.5.14.1}% 480
\BOOKMARK [1][-]{section.5.15}{\376\377\000I\000n\000t\000e\000g\000e\000r\000V\000a\000r\000i\000a\000b\000l\000e\000.\000c\000p\000p\000\040\000F\000i\000l\000e\000\040\000R\000e\000f\000e\000r\000e\000n\000c\000e}{chapter.5}% 481
\BOOKMARK [1][-]{section.5.16}{\376\377\000I\000n\000t\000e\000g\000e\000r\000V\000a\000r\000i\000a\000b\000l\000e\000.\000h\000p\000p\000\040\000F\000i\000l\000e\000\040\000R\000e\000f\000e\000r\000e\000n\000c\000e}{chapter.5}% 482
\BOOKMARK [1][-]{section.5.17}{\376\377\000I\000n\000v\000a\000r\000i\000a\000n\000t\000.\000h\000p\000p\000\040\000F\000i\000l\000e\000\040\000R\000e\000f\000e\000r\000e\000n\000c\000e}{chapter.5}% 483
\BOOKMARK [1][-]{section.5.18}{\376\377\000L\000i\000n\000e\000a\000r\000.\000h\000p\000p\000\040\000F\000i\000l\000e\000\040\000R\000e\000f\000e\000r\000e\000n\000c\000e}{chapter.5}% 484
\BOOKMARK [1][-]{section.5.19}{\376\377\000L\000S\000S\000p\000a\000c\000e\000.\000c\000p\000p\000\040\000F\000i\000l\000e\000\040\000R\000e\000f\000e\000r\000e\000n\000c\000e}{chapter.5}% 485
\BOOKMARK [1][-]{section.5.20}{\376\377\000L\000S\000S\000p\000a\000c\000e\000.\000h\000p\000p\000\040\000F\000i\000l\000e\000\040\000R\000e\000f\000e\000r\000e\000n\000c\000e}{chapter.5}% 486
\BOOKMARK [1][-]{section.5.21}{\376\377\000m\000a\000i\000n\000.\000c\000p\000p\000\040\000F\000i\000l\000e\000\040\000R\000e\000f\000e\000r\000e\000n\000c\000e}{chapter.5}% 487
\BOOKMARK [2][-]{subsection.5.21.1}{\376\377\000F\000u\000n\000c\000t\000i\000o\000n\000\040\000D\000o\000c\000u\000m\000e\000n\000t\000a\000t\000i\000o\000n}{section.5.21}% 488
\BOOKMARK [3][-]{subsubsection.5.21.1.1}{\376\377\000m\000a\000i\000n}{subsection.5.21.1}% 489
\BOOKMARK [1][-]{section.5.22}{\376\377\000M\000o\000d\000e\000l\000.\000c\000p\000p\000\040\000F\000i\000l\000e\000\040\000R\000e\000f\000e\000r\000e\000n\000c\000e}{chapter.5}% 490
\BOOKMARK [1][-]{section.5.23}{\376\377\000M\000o\000d\000e\000l\000.\000h\000p\000p\000\040\000F\000i\000l\000e\000\040\000R\000e\000f\000e\000r\000e\000n\000c\000e}{chapter.5}% 491
\BOOKMARK [1][-]{section.5.24}{\376\377\000M\000o\000v\000e\000.\000h\000p\000p\000\040\000F\000i\000l\000e\000\040\000R\000e\000f\000e\000r\000e\000n\000c\000e}{chapter.5}% 492
\BOOKMARK [1][-]{section.5.25}{\376\377\000M\000u\000l\000t\000i\000s\000t\000o\000p\000.\000c\000p\000p\000\040\000F\000i\000l\000e\000\040\000R\000e\000f\000e\000r\000e\000n\000c\000e}{chapter.5}% 493
\BOOKMARK [1][-]{section.5.26}{\376\377\000M\000u\000l\000t\000i\000s\000t\000o\000p\000.\000h\000p\000p\000\040\000F\000i\000l\000e\000\040\000R\000e\000f\000e\000r\000e\000n\000c\000e}{chapter.5}% 494
\BOOKMARK [1][-]{section.5.27}{\376\377\000N\000e\000i\000g\000h\000b\000o\000r\000h\000o\000o\000d\000E\000x\000p\000l\000o\000r\000e\000r\000.\000c\000p\000p\000\040\000F\000i\000l\000e\000\040\000R\000e\000f\000e\000r\000e\000n\000c\000e}{chapter.5}% 495
\BOOKMARK [1][-]{section.5.28}{\376\377\000N\000e\000i\000g\000h\000b\000o\000r\000h\000o\000o\000d\000E\000x\000p\000l\000o\000r\000e\000r\000.\000h\000p\000p\000\040\000F\000i\000l\000e\000\040\000R\000e\000f\000e\000r\000e\000n\000c\000e}{chapter.5}% 496
\BOOKMARK [1][-]{section.5.29}{\376\377\000O\000p\000t\000i\000o\000n\000s\000.\000c\000p\000p\000\040\000F\000i\000l\000e\000\040\000R\000e\000f\000e\000r\000e\000n\000c\000e}{chapter.5}% 497
\BOOKMARK [1][-]{section.5.30}{\376\377\000O\000p\000t\000i\000o\000n\000s\000.\000h\000p\000p\000\040\000F\000i\000l\000e\000\040\000R\000e\000f\000e\000r\000e\000n\000c\000e}{chapter.5}% 498
\BOOKMARK [1][-]{section.5.31}{\376\377\000R\000a\000n\000d\000o\000m\000.\000c\000p\000p\000\040\000F\000i\000l\000e\000\040\000R\000e\000f\000e\000r\000e\000n\000c\000e}{chapter.5}% 499
\BOOKMARK [1][-]{section.5.32}{\376\377\000R\000a\000n\000d\000o\000m\000.\000h\000p\000p\000\040\000F\000i\000l\000e\000\040\000R\000e\000f\000e\000r\000e\000n\000c\000e}{chapter.5}% 500
\BOOKMARK [1][-]{section.5.33}{\376\377\000S\000t\000a\000t\000e\000.\000c\000p\000p\000\040\000F\000i\000l\000e\000\040\000R\000e\000f\000e\000r\000e\000n\000c\000e}{chapter.5}% 501
\BOOKMARK [1][-]{section.5.34}{\376\377\000S\000t\000a\000t\000e\000.\000h\000p\000p\000\040\000F\000i\000l\000e\000\040\000R\000e\000f\000e\000r\000e\000n\000c\000e}{chapter.5}% 502
\BOOKMARK [1][-]{section.5.35}{\376\377\000S\000u\000m\000.\000c\000p\000p\000\040\000F\000i\000l\000e\000\040\000R\000e\000f\000e\000r\000e\000n\000c\000e}{chapter.5}% 503
\BOOKMARK [1][-]{section.5.36}{\376\377\000S\000u\000m\000.\000h\000p\000p\000\040\000F\000i\000l\000e\000\040\000R\000e\000f\000e\000r\000e\000n\000c\000e}{chapter.5}% 504
\BOOKMARK [1][-]{section.5.37}{\376\377\000V\000a\000l\000u\000e\000C\000h\000a\000n\000g\000e\000M\000o\000v\000e\000.\000c\000p\000p\000\040\000F\000i\000l\000e\000\040\000R\000e\000f\000e\000r\000e\000n\000c\000e}{chapter.5}% 505
\BOOKMARK [1][-]{section.5.38}{\376\377\000V\000a\000l\000u\000e\000C\000h\000a\000n\000g\000e\000M\000o\000v\000e\000.\000h\000p\000p\000\040\000F\000i\000l\000e\000\040\000R\000e\000f\000e\000r\000e\000n\000c\000e}{chapter.5}% 506
\BOOKMARK [0][-]{section*.90}{\376\377\000I\000n\000d\000e\000x}{}% 507
